{
  message: 'Login attempt failed: Wrong password for user - durga',
  level: 'error',
  timestamp: '2025-06-30 15:55:11'
}
{
  message: `Error creating post: Post validation failed: userId: Cast to ObjectId failed for value "{ id: '6861859bfcc52b7002079f0a' }" (type Object) at path "userId" because of "BSONError"`,
  level: 'error',
  timestamp: '2025-06-30 16:38:28'
}
{
  message: `Error liking post: Like validation failed: userId: Cast to ObjectId failed for value "{ id: '6861859bfcc52b7002079f0a' }" (type Object) at path "userId" because of "BSONError"`,
  level: 'error',
  timestamp: '2025-06-30 17:08:56'
}
{
  message: `Error liking post: Like validation failed: userId: Cast to ObjectId failed for value "{ id: '6861859bfcc52b7002079f0a' }" (type Object) at path "userId" because of "BSONError"`,
  level: 'error',
  timestamp: '2025-06-30 17:51:30'
}
{
  message: `Error adding comment: Comment validation failed: userId: Cast to ObjectId failed for value "{ id: '6861859bfcc52b7002079f0a' }" (type Object) at path "userId" because of "BSONError"`,
  level: 'error',
  timestamp: '2025-06-30 17:52:09'
}
{
  message: `Error adding comment: Comment validation failed: userId: Cast to ObjectId failed for value "{ id: '6861859bfcc52b7002079f0a' }" (type Object) at path "userId" because of "BSONError"`,
  level: 'error',
  timestamp: '2025-06-30 17:52:52'
}
{
  message: `Error adding comment: Comment validation failed: userId: Cast to ObjectId failed for value "{ id: '6861859bfcc52b7002079f0a' }" (type Object) at path "userId" because of "BSONError"`,
  level: 'error',
  timestamp: '2025-06-30 17:54:46'
}
{
  message: `Error adding comment: Comment validation failed: userId: Cast to ObjectId failed for value "{ id: '6861859bfcc52b7002079f0a' }" (type Object) at path "userId" because of "BSONError"`,
  level: 'error',
  timestamp: '2025-06-30 17:55:13'
}
{
  message: `Error adding comment: Comment validation failed: userId: Cast to ObjectId failed for value "{ id: '6861859bfcc52b7002079f0a' }" (type Object) at path "userId" because of "BSONError"`,
  level: 'error',
  timestamp: '2025-06-30 17:56:10'
}
{
  message: `Error adding comment: Comment validation failed: userId: Cast to ObjectId failed for value "{ id: '6861859bfcc52b7002079f0a' }" (type Object) at path "userId" because of "BSONError"`,
  level: 'error',
  timestamp: '2025-06-30 17:57:09'
}
{
  message: `Error adding comment: Comment validation failed: userId: Cast to ObjectId failed for value "{ id: '6861859bfcc52b7002079f0a' }" (type Object) at path "userId" because of "BSONError"`,
  level: 'error',
  timestamp: '2025-06-30 17:58:31'
}
{
  message: `Error adding comment: Comment validation failed: userId: Cast to ObjectId failed for value "{ id: '6861859bfcc52b7002079f0a' }" (type Object) at path "userId" because of "BSONError"`,
  level: 'error',
  timestamp: '2025-06-30 17:59:08'
}
{
  message: `Error adding comment: Comment validation failed: userId: Cast to ObjectId failed for value "{ id: '686285f5ecb207317f4d02c9' }" (type Object) at path "userId" because of "BSONError"`,
  level: 'error',
  timestamp: '2025-06-30 19:35:01'
}
{
  message: `Error adding comment: Comment validation failed: userId: Cast to ObjectId failed for value "{ id: '686285f5ecb207317f4d02c9' }" (type Object) at path "userId" because of "BSONError"`,
  level: 'error',
  timestamp: '2025-06-30 19:35:55'
}
{
  message: `Error adding comment: Comment validation failed: userId: Cast to ObjectId failed for value "{ id: '686285f5ecb207317f4d02c9' }" (type Object) at path "userId" because of "BSONError"`,
  level: 'error',
  timestamp: '2025-06-30 19:37:21'
}
{
  message: `Error adding comment: Comment validation failed: userId: Cast to ObjectId failed for value "{ id: '686285f5ecb207317f4d02c9' }" (type Object) at path "userId" because of "BSONError"`,
  level: 'error',
  timestamp: '2025-06-30 19:38:31'
}
{
  message: `Error adding comment: Comment validation failed: userId: Cast to ObjectId failed for value "{ id: '686285f5ecb207317f4d02c9' }" (type Object) at path "userId" because of "BSONError"`,
  level: 'error',
  timestamp: '2025-06-30 19:38:56'
}
