{
  message: 'Server is running on port 3000',
  level: 'info',
  timestamp: '2025-06-30 15:54:04'
}
{
  message: 'MongoDB Connected...',
  level: 'info',
  timestamp: '2025-06-30 15:54:04'
}
{
  message: 'Server is running on port 3000',
  level: 'info',
  timestamp: '2025-06-30 15:54:13'
}
{
  message: 'MongoDB Connected...',
  level: 'info',
  timestamp: '2025-06-30 15:54:13'
}
{
  message: 'Server is running on port 3000',
  level: 'info',
  timestamp: '2025-06-30 15:54:17'
}
{
  message: 'MongoDB Connected...',
  level: 'info',
  timestamp: '2025-06-30 15:54:17'
}
{
  message: 'Server is running on port 3000',
  level: 'info',
  timestamp: '2025-06-30 15:54:19'
}
{
  message: 'MongoDB Connected...',
  level: 'info',
  timestamp: '2025-06-30 15:54:19'
}
{
  message: 'Server is running on port 3000',
  level: 'info',
  timestamp: '2025-06-30 15:54:23'
}
{
  message: 'MongoDB Connected...',
  level: 'info',
  timestamp: '2025-06-30 15:54:23'
}
{
  message: 'Server is running on port 3000',
  level: 'info',
  timestamp: '2025-06-30 15:54:24'
}
{
  message: 'MongoDB Connected...',
  level: 'info',
  timestamp: '2025-06-30 15:54:24'
}
{
  message: 'Server is running on port 3000',
  level: 'info',
  timestamp: '2025-06-30 15:54:44'
}
{
  message: 'MongoDB Connected...',
  level: 'info',
  timestamp: '2025-06-30 15:54:44'
}
{
  message: 'User logged in successfully: durga',
  level: 'info',
  timestamp: '2025-06-30 15:55:30'
}
{
  message: 'Server is running on port 3000',
  level: 'info',
  timestamp: '2025-06-30 15:55:51'
}
{
  message: 'MongoDB Connected...',
  level: 'info',
  timestamp: '2025-06-30 15:55:51'
}
{
  message: 'Server is running on port 3000',
  level: 'info',
  timestamp: '2025-06-30 15:55:57'
}
{
  message: 'MongoDB Connected...',
  level: 'info',
  timestamp: '2025-06-30 15:55:57'
}
{
  message: 'Server is running on port 3000',
  level: 'info',
  timestamp: '2025-06-30 15:56:06'
}
{
  message: 'MongoDB Connected...',
  level: 'info',
  timestamp: '2025-06-30 15:56:06'
}
{
  message: 'Server is running on port 3000',
  level: 'info',
  timestamp: '2025-06-30 15:56:10'
}
{
  message: 'MongoDB Connected...',
  level: 'info',
  timestamp: '2025-06-30 15:56:10'
}
{
  message: 'Server is running on port 3000',
  level: 'info',
  timestamp: '2025-06-30 15:56:12'
}
{
  message: 'MongoDB Connected...',
  level: 'info',
  timestamp: '2025-06-30 15:56:12'
}
{
  message: 'Server is running on port 3000',
  level: 'info',
  timestamp: '2025-06-30 15:58:55'
}
{
  message: 'MongoDB Connected...',
  level: 'info',
  timestamp: '2025-06-30 15:58:55'
}
{
  message: 'Server is running on port 3000',
  level: 'info',
  timestamp: '2025-06-30 15:59:03'
}
{
  message: 'MongoDB Connected...',
  level: 'info',
  timestamp: '2025-06-30 15:59:03'
}
{
  message: 'Server is running on port 3000',
  level: 'info',
  timestamp: '2025-06-30 15:59:08'
}
{
  message: 'MongoDB Connected...',
  level: 'info',
  timestamp: '2025-06-30 15:59:08'
}
{
  message: 'Server is running on port 3000',
  level: 'info',
  timestamp: '2025-06-30 15:59:14'
}
{
  message: 'MongoDB Connected...',
  level: 'info',
  timestamp: '2025-06-30 15:59:14'
}
{
  message: 'Server is running on port 3000',
  level: 'info',
  timestamp: '2025-06-30 15:59:52'
}
{
  message: 'MongoDB Connected...',
  level: 'info',
  timestamp: '2025-06-30 15:59:52'
}
{
  message: 'Server is running on port 3000',
  level: 'info',
  timestamp: '2025-06-30 15:59:55'
}
{
  message: 'MongoDB Connected...',
  level: 'info',
  timestamp: '2025-06-30 15:59:55'
}
{
  message: 'Server is running on port 3000',
  level: 'info',
  timestamp: '2025-06-30 15:59:59'
}
{
  message: 'MongoDB Connected...',
  level: 'info',
  timestamp: '2025-06-30 15:59:59'
}
{
  message: 'Server is running on port 3000',
  level: 'info',
  timestamp: '2025-06-30 16:00:06'
}
{
  message: 'MongoDB Connected...',
  level: 'info',
  timestamp: '2025-06-30 16:00:06'
}
{
  message: 'Server is running on port 3000',
  level: 'info',
  timestamp: '2025-06-30 16:00:09'
}
{
  message: 'MongoDB Connected...',
  level: 'info',
  timestamp: '2025-06-30 16:00:09'
}
{
  message: 'Server is running on port 3000',
  level: 'info',
  timestamp: '2025-06-30 16:00:12'
}
{
  message: 'MongoDB Connected...',
  level: 'info',
  timestamp: '2025-06-30 16:00:12'
}
{
  message: 'Server is running on port 3000',
  level: 'info',
  timestamp: '2025-06-30 16:00:13'
}
{
  message: 'MongoDB Connected...',
  level: 'info',
  timestamp: '2025-06-30 16:00:13'
}
{
  message: 'Server is running on port 3000',
  level: 'info',
  timestamp: '2025-06-30 16:00:16'
}
{
  message: 'MongoDB Connected...',
  level: 'info',
  timestamp: '2025-06-30 16:00:16'
}
{
  message: 'Server is running on port 3000',
  level: 'info',
  timestamp: '2025-06-30 16:00:19'
}
{
  message: 'MongoDB Connected...',
  level: 'info',
  timestamp: '2025-06-30 16:00:19'
}
{
  message: 'Server is running on port 3000',
  level: 'info',
  timestamp: '2025-06-30 16:00:23'
}
{
  message: 'MongoDB Connected...',
  level: 'info',
  timestamp: '2025-06-30 16:00:23'
}
{
  message: 'Server is running on port 3000',
  level: 'info',
  timestamp: '2025-06-30 16:00:24'
}
{
  message: 'MongoDB Connected...',
  level: 'info',
  timestamp: '2025-06-30 16:00:24'
}
{
  message: 'Server is running on port 3000',
  level: 'info',
  timestamp: '2025-06-30 16:00:44'
}
{
  message: 'MongoDB Connected...',
  level: 'info',
  timestamp: '2025-06-30 16:00:44'
}
{
  message: 'Server is running on port 3000',
  level: 'info',
  timestamp: '2025-06-30 16:00:46'
}
{
  message: 'MongoDB Connected...',
  level: 'info',
  timestamp: '2025-06-30 16:00:47'
}
{
  message: 'Server is running on port 3000',
  level: 'info',
  timestamp: '2025-06-30 16:01:00'
}
{
  message: 'MongoDB Connected...',
  level: 'info',
  timestamp: '2025-06-30 16:01:00'
}
{
  message: 'Server is running on port 3000',
  level: 'info',
  timestamp: '2025-06-30 16:01:05'
}
{
  message: 'MongoDB Connected...',
  level: 'info',
  timestamp: '2025-06-30 16:01:05'
}
{
  message: 'Server is running on port 3000',
  level: 'info',
  timestamp: '2025-06-30 16:01:06'
}
{
  message: 'MongoDB Connected...',
  level: 'info',
  timestamp: '2025-06-30 16:01:06'
}
{
  message: 'Server is running on port 3000',
  level: 'info',
  timestamp: '2025-06-30 16:01:14'
}
{
  message: 'MongoDB Connected...',
  level: 'info',
  timestamp: '2025-06-30 16:01:14'
}
{
  message: 'Server is running on port 3000',
  level: 'info',
  timestamp: '2025-06-30 16:01:15'
}
{
  message: 'MongoDB Connected...',
  level: 'info',
  timestamp: '2025-06-30 16:01:15'
}
{
  message: 'Server is running on port 3000',
  level: 'info',
  timestamp: '2025-06-30 16:01:37'
}
{
  message: 'MongoDB Connected...',
  level: 'info',
  timestamp: '2025-06-30 16:01:37'
}
{
  message: 'Server is running on port 3000',
  level: 'info',
  timestamp: '2025-06-30 16:02:00'
}
{
  message: 'MongoDB Connected...',
  level: 'info',
  timestamp: '2025-06-30 16:02:00'
}
{
  message: 'Server is running on port 3000',
  level: 'info',
  timestamp: '2025-06-30 16:02:02'
}
{
  message: 'MongoDB Connected...',
  level: 'info',
  timestamp: '2025-06-30 16:02:02'
}
{
  message: 'Server is running on port 3000',
  level: 'info',
  timestamp: '2025-06-30 16:02:05'
}
{
  message: 'MongoDB Connected...',
  level: 'info',
  timestamp: '2025-06-30 16:02:05'
}
{
  message: 'Server is running on port 3000',
  level: 'info',
  timestamp: '2025-06-30 16:02:14'
}
{
  message: 'MongoDB Connected...',
  level: 'info',
  timestamp: '2025-06-30 16:02:14'
}
{
  message: 'Server is running on port 3000',
  level: 'info',
  timestamp: '2025-06-30 16:02:18'
}
{
  message: 'MongoDB Connected...',
  level: 'info',
  timestamp: '2025-06-30 16:02:18'
}
{
  message: 'Server is running on port 3000',
  level: 'info',
  timestamp: '2025-06-30 16:02:24'
}
{
  message: 'MongoDB Connected...',
  level: 'info',
  timestamp: '2025-06-30 16:02:24'
}
{
  message: 'Server is running on port 3000',
  level: 'info',
  timestamp: '2025-06-30 16:02:26'
}
{
  message: 'MongoDB Connected...',
  level: 'info',
  timestamp: '2025-06-30 16:02:26'
}
{
  message: 'Server is running on port 3000',
  level: 'info',
  timestamp: '2025-06-30 16:02:56'
}
{
  message: 'MongoDB Connected...',
  level: 'info',
  timestamp: '2025-06-30 16:02:56'
}
{
  message: 'Server is running on port 3000',
  level: 'info',
  timestamp: '2025-06-30 16:03:05'
}
{
  message: 'MongoDB Connected...',
  level: 'info',
  timestamp: '2025-06-30 16:03:05'
}
{
  message: 'Server is running on port 3000',
  level: 'info',
  timestamp: '2025-06-30 16:03:16'
}
{
  message: 'MongoDB Connected...',
  level: 'info',
  timestamp: '2025-06-30 16:03:16'
}
{
  message: 'Server is running on port 3000',
  level: 'info',
  timestamp: '2025-06-30 16:03:22'
}
{
  message: 'MongoDB Connected...',
  level: 'info',
  timestamp: '2025-06-30 16:03:22'
}
{
  message: 'Server is running on port 3000',
  level: 'info',
  timestamp: '2025-06-30 16:03:24'
}
{
  message: 'MongoDB Connected...',
  level: 'info',
  timestamp: '2025-06-30 16:03:24'
}
{
  message: 'Server is running on port 3000',
  level: 'info',
  timestamp: '2025-06-30 16:03:35'
}
{
  message: 'MongoDB Connected...',
  level: 'info',
  timestamp: '2025-06-30 16:03:35'
}
{
  message: 'Server is running on port 3000',
  level: 'info',
  timestamp: '2025-06-30 16:03:39'
}
{
  message: 'MongoDB Connected...',
  level: 'info',
  timestamp: '2025-06-30 16:03:39'
}
{
  message: 'Server is running on port 3000',
  level: 'info',
  timestamp: '2025-06-30 16:03:46'
}
{
  message: 'MongoDB Connected...',
  level: 'info',
  timestamp: '2025-06-30 16:03:46'
}
{
  message: 'Server is running on port 3000',
  level: 'info',
  timestamp: '2025-06-30 16:03:49'
}
{
  message: 'MongoDB Connected...',
  level: 'info',
  timestamp: '2025-06-30 16:03:49'
}
{
  message: 'Server is running on port 3000',
  level: 'info',
  timestamp: '2025-06-30 16:04:03'
}
{
  message: 'MongoDB Connected...',
  level: 'info',
  timestamp: '2025-06-30 16:04:03'
}
{
  message: 'Server is running on port 3000',
  level: 'info',
  timestamp: '2025-06-30 16:04:09'
}
{
  message: 'MongoDB Connected...',
  level: 'info',
  timestamp: '2025-06-30 16:04:09'
}
{
  message: 'Server is running on port 3000',
  level: 'info',
  timestamp: '2025-06-30 16:04:16'
}
{
  message: 'MongoDB Connected...',
  level: 'info',
  timestamp: '2025-06-30 16:04:16'
}
{
  message: 'Server is running on port 3000',
  level: 'info',
  timestamp: '2025-06-30 16:04:18'
}
{
  message: 'MongoDB Connected...',
  level: 'info',
  timestamp: '2025-06-30 16:04:18'
}
{
  message: 'Server is running on port 3000',
  level: 'info',
  timestamp: '2025-06-30 16:04:27'
}
{
  message: 'MongoDB Connected...',
  level: 'info',
  timestamp: '2025-06-30 16:04:27'
}
{
  message: 'Server is running on port 3000',
  level: 'info',
  timestamp: '2025-06-30 16:04:32'
}
{
  message: 'MongoDB Connected...',
  level: 'info',
  timestamp: '2025-06-30 16:04:32'
}
{
  message: 'Server is running on port 3000',
  level: 'info',
  timestamp: '2025-06-30 16:04:34'
}
{
  message: 'MongoDB Connected...',
  level: 'info',
  timestamp: '2025-06-30 16:04:34'
}
{
  message: 'Server is running on port 3000',
  level: 'info',
  timestamp: '2025-06-30 16:04:45'
}
{
  message: 'MongoDB Connected...',
  level: 'info',
  timestamp: '2025-06-30 16:04:45'
}
{
  message: 'Server is running on port 3000',
  level: 'info',
  timestamp: '2025-06-30 16:05:25'
}
{
  message: 'MongoDB Connected...',
  level: 'info',
  timestamp: '2025-06-30 16:05:25'
}
{
  message: 'Server is running on port 3000',
  level: 'info',
  timestamp: '2025-06-30 16:05:28'
}
{
  message: 'MongoDB Connected...',
  level: 'info',
  timestamp: '2025-06-30 16:05:28'
}
{
  message: 'Server is running on port 3000',
  level: 'info',
  timestamp: '2025-06-30 16:05:31'
}
{
  message: 'MongoDB Connected...',
  level: 'info',
  timestamp: '2025-06-30 16:05:31'
}
{
  message: 'Server is running on port 3000',
  level: 'info',
  timestamp: '2025-06-30 16:05:33'
}
{
  message: 'MongoDB Connected...',
  level: 'info',
  timestamp: '2025-06-30 16:05:33'
}
{
  message: 'Server is running on port 3000',
  level: 'info',
  timestamp: '2025-06-30 16:05:35'
}
{
  message: 'MongoDB Connected...',
  level: 'info',
  timestamp: '2025-06-30 16:05:35'
}
{
  message: 'Server is running on port 3000',
  level: 'info',
  timestamp: '2025-06-30 16:05:36'
}
{
  message: 'MongoDB Connected...',
  level: 'info',
  timestamp: '2025-06-30 16:05:36'
}
{
  message: 'Server is running on port 3000',
  level: 'info',
  timestamp: '2025-06-30 16:05:38'
}
{
  message: 'MongoDB Connected...',
  level: 'info',
  timestamp: '2025-06-30 16:05:38'
}
{
  message: 'Server is running on port 3000',
  level: 'info',
  timestamp: '2025-06-30 16:05:40'
}
{
  message: 'MongoDB Connected...',
  level: 'info',
  timestamp: '2025-06-30 16:05:40'
}
{
  message: 'Server is running on port 3000',
  level: 'info',
  timestamp: '2025-06-30 16:05:44'
}
{
  message: 'MongoDB Connected...',
  level: 'info',
  timestamp: '2025-06-30 16:05:44'
}
{
  message: 'Server is running on port 3000',
  level: 'info',
  timestamp: '2025-06-30 16:05:48'
}
{
  message: 'MongoDB Connected...',
  level: 'info',
  timestamp: '2025-06-30 16:05:48'
}
{
  message: 'Server is running on port 3000',
  level: 'info',
  timestamp: '2025-06-30 16:06:03'
}
{
  message: 'MongoDB Connected...',
  level: 'info',
  timestamp: '2025-06-30 16:06:03'
}
{
  message: 'Server is running on port 3000',
  level: 'info',
  timestamp: '2025-06-30 16:06:05'
}
{
  message: 'MongoDB Connected...',
  level: 'info',
  timestamp: '2025-06-30 16:06:05'
}
{
  message: 'Server is running on port 3000',
  level: 'info',
  timestamp: '2025-06-30 16:06:12'
}
{
  message: 'MongoDB Connected...',
  level: 'info',
  timestamp: '2025-06-30 16:06:12'
}
{
  message: 'Server is running on port 3000',
  level: 'info',
  timestamp: '2025-06-30 16:06:14'
}
{
  message: 'MongoDB Connected...',
  level: 'info',
  timestamp: '2025-06-30 16:06:14'
}
{
  message: 'Server is running on port 3000',
  level: 'info',
  timestamp: '2025-06-30 16:06:18'
}
{
  message: 'MongoDB Connected...',
  level: 'info',
  timestamp: '2025-06-30 16:06:18'
}
{
  message: 'Server is running on port 3000',
  level: 'info',
  timestamp: '2025-06-30 16:06:29'
}
{
  message: 'MongoDB Connected...',
  level: 'info',
  timestamp: '2025-06-30 16:06:29'
}
{
  message: 'Server is running on port 3000',
  level: 'info',
  timestamp: '2025-06-30 16:06:31'
}
{
  message: 'MongoDB Connected...',
  level: 'info',
  timestamp: '2025-06-30 16:06:31'
}
{
  message: 'Server is running on port 3000',
  level: 'info',
  timestamp: '2025-06-30 16:06:37'
}
{
  message: 'MongoDB Connected...',
  level: 'info',
  timestamp: '2025-06-30 16:06:37'
}
{
  message: 'Server is running on port 3000',
  level: 'info',
  timestamp: '2025-06-30 16:06:39'
}
{
  message: 'MongoDB Connected...',
  level: 'info',
  timestamp: '2025-06-30 16:06:39'
}
{
  message: 'Server is running on port 3000',
  level: 'info',
  timestamp: '2025-06-30 16:06:40'
}
{
  message: 'MongoDB Connected...',
  level: 'info',
  timestamp: '2025-06-30 16:06:40'
}
{
  message: 'Server is running on port 3000',
  level: 'info',
  timestamp: '2025-06-30 16:06:47'
}
{
  message: 'MongoDB Connected...',
  level: 'info',
  timestamp: '2025-06-30 16:06:47'
}
{
  message: 'Server is running on port 3000',
  level: 'info',
  timestamp: '2025-06-30 16:06:50'
}
{
  message: 'MongoDB Connected...',
  level: 'info',
  timestamp: '2025-06-30 16:06:50'
}
{
  message: 'Server is running on port 3000',
  level: 'info',
  timestamp: '2025-06-30 16:07:56'
}
{
  message: 'MongoDB Connected...',
  level: 'info',
  timestamp: '2025-06-30 16:07:56'
}
{
  message: 'Server is running on port 3000',
  level: 'info',
  timestamp: '2025-06-30 16:08:00'
}
{
  message: 'MongoDB Connected...',
  level: 'info',
  timestamp: '2025-06-30 16:08:00'
}
{
  message: 'Server is running on port 3000',
  level: 'info',
  timestamp: '2025-06-30 16:08:02'
}
{
  message: 'MongoDB Connected...',
  level: 'info',
  timestamp: '2025-06-30 16:08:02'
}
{
  message: 'Server is running on port 3000',
  level: 'info',
  timestamp: '2025-06-30 16:08:04'
}
{
  message: 'MongoDB Connected...',
  level: 'info',
  timestamp: '2025-06-30 16:08:04'
}
{
  message: 'Server is running on port 3000',
  level: 'info',
  timestamp: '2025-06-30 16:08:10'
}
{
  message: 'MongoDB Connected...',
  level: 'info',
  timestamp: '2025-06-30 16:08:10'
}
{
  message: 'Server is running on port 3000',
  level: 'info',
  timestamp: '2025-06-30 16:08:21'
}
{
  message: 'MongoDB Connected...',
  level: 'info',
  timestamp: '2025-06-30 16:08:21'
}
{
  message: 'Server is running on port 3000',
  level: 'info',
  timestamp: '2025-06-30 16:08:28'
}
{
  message: 'MongoDB Connected...',
  level: 'info',
  timestamp: '2025-06-30 16:08:28'
}
{
  message: 'Server is running on port 3000',
  level: 'info',
  timestamp: '2025-06-30 16:08:31'
}
{
  message: 'MongoDB Connected...',
  level: 'info',
  timestamp: '2025-06-30 16:08:31'
}
{
  message: 'Server is running on port 3000',
  level: 'info',
  timestamp: '2025-06-30 16:08:32'
}
{
  message: 'MongoDB Connected...',
  level: 'info',
  timestamp: '2025-06-30 16:08:32'
}
{
  message: 'Server is running on port 3000',
  level: 'info',
  timestamp: '2025-06-30 16:08:35'
}
{
  message: 'MongoDB Connected...',
  level: 'info',
  timestamp: '2025-06-30 16:08:35'
}
{
  message: 'Server is running on port 3000',
  level: 'info',
  timestamp: '2025-06-30 16:08:38'
}
{
  message: 'MongoDB Connected...',
  level: 'info',
  timestamp: '2025-06-30 16:08:38'
}
{
  message: 'Server is running on port 3000',
  level: 'info',
  timestamp: '2025-06-30 16:08:40'
}
{
  message: 'MongoDB Connected...',
  level: 'info',
  timestamp: '2025-06-30 16:08:40'
}
{
  message: 'Server is running on port 3000',
  level: 'info',
  timestamp: '2025-06-30 16:09:05'
}
{
  message: 'MongoDB Connected...',
  level: 'info',
  timestamp: '2025-06-30 16:09:05'
}
{
  message: 'Server is running on port 3000',
  level: 'info',
  timestamp: '2025-06-30 16:09:06'
}
{
  message: 'MongoDB Connected...',
  level: 'info',
  timestamp: '2025-06-30 16:09:06'
}
{
  message: 'Server is running on port 3000',
  level: 'info',
  timestamp: '2025-06-30 16:09:12'
}
{
  message: 'MongoDB Connected...',
  level: 'info',
  timestamp: '2025-06-30 16:09:12'
}
{
  message: 'Server is running on port 3000',
  level: 'info',
  timestamp: '2025-06-30 16:09:16'
}
{
  message: 'MongoDB Connected...',
  level: 'info',
  timestamp: '2025-06-30 16:09:16'
}
{
  message: 'Server is running on port 3000',
  level: 'info',
  timestamp: '2025-06-30 16:09:25'
}
{
  message: 'MongoDB Connected...',
  level: 'info',
  timestamp: '2025-06-30 16:09:25'
}
{
  message: 'Server is running on port 3000',
  level: 'info',
  timestamp: '2025-06-30 16:09:38'
}
{
  message: 'MongoDB Connected...',
  level: 'info',
  timestamp: '2025-06-30 16:09:38'
}
{
  message: 'Server is running on port 3000',
  level: 'info',
  timestamp: '2025-06-30 16:09:44'
}
{
  message: 'MongoDB Connected...',
  level: 'info',
  timestamp: '2025-06-30 16:09:44'
}
{
  message: 'Server is running on port 3000',
  level: 'info',
  timestamp: '2025-06-30 16:09:46'
}
{
  message: 'MongoDB Connected...',
  level: 'info',
  timestamp: '2025-06-30 16:09:46'
}
{
  message: 'Server is running on port 3000',
  level: 'info',
  timestamp: '2025-06-30 16:09:53'
}
{
  message: 'MongoDB Connected...',
  level: 'info',
  timestamp: '2025-06-30 16:09:53'
}
{
  message: 'Server is running on port 3000',
  level: 'info',
  timestamp: '2025-06-30 16:10:05'
}
{
  message: 'MongoDB Connected...',
  level: 'info',
  timestamp: '2025-06-30 16:10:05'
}
{
  message: 'Server is running on port 3000',
  level: 'info',
  timestamp: '2025-06-30 16:10:08'
}
{
  message: 'MongoDB Connected...',
  level: 'info',
  timestamp: '2025-06-30 16:10:08'
}
{
  message: 'Server is running on port 3000',
  level: 'info',
  timestamp: '2025-06-30 16:10:11'
}
{
  message: 'MongoDB Connected...',
  level: 'info',
  timestamp: '2025-06-30 16:10:11'
}
{
  message: 'Server is running on port 3000',
  level: 'info',
  timestamp: '2025-06-30 16:10:26'
}
{
  message: 'MongoDB Connected...',
  level: 'info',
  timestamp: '2025-06-30 16:10:26'
}
{
  message: 'Server is running on port 3000',
  level: 'info',
  timestamp: '2025-06-30 16:10:33'
}
{
  message: 'MongoDB Connected...',
  level: 'info',
  timestamp: '2025-06-30 16:10:33'
}
{
  message: 'Server is running on port 3000',
  level: 'info',
  timestamp: '2025-06-30 16:10:35'
}
{
  message: 'MongoDB Connected...',
  level: 'info',
  timestamp: '2025-06-30 16:10:35'
}
{
  message: 'Server is running on port 3000',
  level: 'info',
  timestamp: '2025-06-30 16:10:54'
}
{
  message: 'MongoDB Connected...',
  level: 'info',
  timestamp: '2025-06-30 16:10:54'
}
{
  message: 'Server is running on port 3000',
  level: 'info',
  timestamp: '2025-06-30 16:10:59'
}
{
  message: 'MongoDB Connected...',
  level: 'info',
  timestamp: '2025-06-30 16:10:59'
}
{
  message: 'Server is running on port 3000',
  level: 'info',
  timestamp: '2025-06-30 16:11:05'
}
{
  message: 'MongoDB Connected...',
  level: 'info',
  timestamp: '2025-06-30 16:11:05'
}
{
  message: 'Server is running on port 3000',
  level: 'info',
  timestamp: '2025-06-30 16:11:08'
}
{
  message: 'MongoDB Connected...',
  level: 'info',
  timestamp: '2025-06-30 16:11:08'
}
{
  message: 'Server is running on port 3000',
  level: 'info',
  timestamp: '2025-06-30 16:11:25'
}
{
  message: 'MongoDB Connected...',
  level: 'info',
  timestamp: '2025-06-30 16:11:25'
}
{
  message: 'Server is running on port 3000',
  level: 'info',
  timestamp: '2025-06-30 16:11:36'
}
{
  message: 'MongoDB Connected...',
  level: 'info',
  timestamp: '2025-06-30 16:11:36'
}
{
  message: 'Server is running on port 3000',
  level: 'info',
  timestamp: '2025-06-30 16:11:45'
}
{
  message: 'MongoDB Connected...',
  level: 'info',
  timestamp: '2025-06-30 16:11:45'
}
{
  message: 'Server is running on port 3000',
  level: 'info',
  timestamp: '2025-06-30 16:11:46'
}
{
  message: 'MongoDB Connected...',
  level: 'info',
  timestamp: '2025-06-30 16:11:46'
}
{
  message: 'Server is running on port 3000',
  level: 'info',
  timestamp: '2025-06-30 16:11:48'
}
{
  message: 'MongoDB Connected...',
  level: 'info',
  timestamp: '2025-06-30 16:11:48'
}
{
  message: 'Server is running on port 3000',
  level: 'info',
  timestamp: '2025-06-30 16:11:51'
}
{
  message: 'MongoDB Connected...',
  level: 'info',
  timestamp: '2025-06-30 16:11:51'
}
{
  message: 'Server is running on port 3000',
  level: 'info',
  timestamp: '2025-06-30 16:11:54'
}
{
  message: 'MongoDB Connected...',
  level: 'info',
  timestamp: '2025-06-30 16:11:55'
}
{
  message: 'Server is running on port 3000',
  level: 'info',
  timestamp: '2025-06-30 16:12:36'
}
{
  message: 'MongoDB Connected...',
  level: 'info',
  timestamp: '2025-06-30 16:12:36'
}
{
  message: 'Server is running on port 3000',
  level: 'info',
  timestamp: '2025-06-30 16:12:40'
}
{
  message: 'MongoDB Connected...',
  level: 'info',
  timestamp: '2025-06-30 16:12:40'
}
{
  message: 'Server is running on port 3000',
  level: 'info',
  timestamp: '2025-06-30 16:12:43'
}
{
  message: 'MongoDB Connected...',
  level: 'info',
  timestamp: '2025-06-30 16:12:43'
}
{
  message: 'Server is running on port 3000',
  level: 'info',
  timestamp: '2025-06-30 16:12:45'
}
{
  message: 'MongoDB Connected...',
  level: 'info',
  timestamp: '2025-06-30 16:12:45'
}
{
  message: 'Server is running on port 3000',
  level: 'info',
  timestamp: '2025-06-30 16:12:49'
}
{
  message: 'MongoDB Connected...',
  level: 'info',
  timestamp: '2025-06-30 16:12:49'
}
{
  message: 'Server is running on port 3000',
  level: 'info',
  timestamp: '2025-06-30 16:12:50'
}
{
  message: 'MongoDB Connected...',
  level: 'info',
  timestamp: '2025-06-30 16:12:50'
}
{
  message: 'Server is running on port 3000',
  level: 'info',
  timestamp: '2025-06-30 16:13:04'
}
{
  message: 'MongoDB Connected...',
  level: 'info',
  timestamp: '2025-06-30 16:13:04'
}
{
  message: 'Server is running on port 3000',
  level: 'info',
  timestamp: '2025-06-30 16:13:07'
}
{
  message: 'MongoDB Connected...',
  level: 'info',
  timestamp: '2025-06-30 16:13:07'
}
{
  message: 'Server is running on port 3000',
  level: 'info',
  timestamp: '2025-06-30 16:13:10'
}
{
  message: 'MongoDB Connected...',
  level: 'info',
  timestamp: '2025-06-30 16:13:10'
}
{
  message: 'Server is running on port 3000',
  level: 'info',
  timestamp: '2025-06-30 16:13:13'
}
{
  message: 'MongoDB Connected...',
  level: 'info',
  timestamp: '2025-06-30 16:13:13'
}
{
  message: 'Server is running on port 3000',
  level: 'info',
  timestamp: '2025-06-30 16:13:15'
}
{
  message: 'MongoDB Connected...',
  level: 'info',
  timestamp: '2025-06-30 16:13:15'
}
{
  message: 'Server is running on port 3000',
  level: 'info',
  timestamp: '2025-06-30 16:13:17'
}
{
  message: 'MongoDB Connected...',
  level: 'info',
  timestamp: '2025-06-30 16:13:17'
}
{
  message: 'Server is running on port 3000',
  level: 'info',
  timestamp: '2025-06-30 16:13:22'
}
{
  message: 'MongoDB Connected...',
  level: 'info',
  timestamp: '2025-06-30 16:13:22'
}
{
  message: 'Server is running on port 3000',
  level: 'info',
  timestamp: '2025-06-30 16:13:33'
}
{
  message: 'MongoDB Connected...',
  level: 'info',
  timestamp: '2025-06-30 16:13:33'
}
{
  message: 'Server is running on port 3000',
  level: 'info',
  timestamp: '2025-06-30 16:13:42'
}
{
  message: 'MongoDB Connected...',
  level: 'info',
  timestamp: '2025-06-30 16:13:42'
}
{
  message: 'Server is running on port 3000',
  level: 'info',
  timestamp: '2025-06-30 16:13:46'
}
{
  message: 'MongoDB Connected...',
  level: 'info',
  timestamp: '2025-06-30 16:13:46'
}
{
  message: 'Server is running on port 3000',
  level: 'info',
  timestamp: '2025-06-30 16:13:55'
}
{
  message: 'MongoDB Connected...',
  level: 'info',
  timestamp: '2025-06-30 16:13:55'
}
{
  message: 'Server is running on port 3000',
  level: 'info',
  timestamp: '2025-06-30 16:14:29'
}
{
  message: 'MongoDB Connected...',
  level: 'info',
  timestamp: '2025-06-30 16:14:29'
}
{
  message: 'Server is running on port 3000',
  level: 'info',
  timestamp: '2025-06-30 16:14:39'
}
{
  message: 'MongoDB Connected...',
  level: 'info',
  timestamp: '2025-06-30 16:14:39'
}
{
  message: 'Server is running on port 3000',
  level: 'info',
  timestamp: '2025-06-30 16:14:46'
}
{
  message: 'MongoDB Connected...',
  level: 'info',
  timestamp: '2025-06-30 16:14:46'
}
{
  message: 'Server is running on port 3000',
  level: 'info',
  timestamp: '2025-06-30 16:27:42'
}
{
  message: 'MongoDB Connected...',
  level: 'info',
  timestamp: '2025-06-30 16:27:42'
}
{
  message: 'Server is running on port 3000',
  level: 'info',
  timestamp: '2025-06-30 16:27:46'
}
{
  message: 'MongoDB Connected...',
  level: 'info',
  timestamp: '2025-06-30 16:27:46'
}
{
  message: 'Server is running on port 3000',
  level: 'info',
  timestamp: '2025-06-30 16:27:53'
}
{
  message: 'MongoDB Connected...',
  level: 'info',
  timestamp: '2025-06-30 16:27:53'
}
{
  message: 'Token verified successfully - User Id : [object Object]',
  level: 'info',
  timestamp: '2025-06-30 16:36:50'
}
{
  message: 'Token verified successfully - User Id : [object Object]',
  level: 'info',
  timestamp: '2025-06-30 16:37:41'
}
{
  message: 'Server is running on port 3000',
  level: 'info',
  timestamp: '2025-06-30 16:38:20'
}
{
  message: 'MongoDB Connected...',
  level: 'info',
  timestamp: '2025-06-30 16:38:20'
}
{
  message: 'Server is running on port 3000',
  level: 'info',
  timestamp: '2025-06-30 16:38:23'
}
{
  message: 'MongoDB Connected...',
  level: 'info',
  timestamp: '2025-06-30 16:38:23'
}
{
  message: 'Token verified successfully - User Id : [object Object]',
  level: 'info',
  timestamp: '2025-06-30 16:38:28'
}
{
  message: 'Image resized and saved to I:\\Job\\Day 07\\Task\\uploads\\posts\\post-1751281708919.jpeg',
  level: 'info',
  timestamp: '2025-06-30 16:38:28'
}
{
  message: 'Server is running on port 3000',
  level: 'info',
  timestamp: '2025-06-30 16:39:17'
}
{
  message: 'MongoDB Connected...',
  level: 'info',
  timestamp: '2025-06-30 16:39:17'
}
{
  message: 'Server is running on port 3000',
  level: 'info',
  timestamp: '2025-06-30 16:39:23'
}
{
  message: 'MongoDB Connected...',
  level: 'info',
  timestamp: '2025-06-30 16:39:23'
}
{
  message: 'Server is running on port 3000',
  level: 'info',
  timestamp: '2025-06-30 16:39:42'
}
{
  message: 'MongoDB Connected...',
  level: 'info',
  timestamp: '2025-06-30 16:39:43'
}
{
  message: 'Server is running on port 3000',
  level: 'info',
  timestamp: '2025-06-30 16:39:53'
}
{
  message: 'MongoDB Connected...',
  level: 'info',
  timestamp: '2025-06-30 16:39:53'
}
{
  message: 'Token verified successfully - User Id : [object Object]',
  level: 'info',
  timestamp: '2025-06-30 16:39:57'
}
{
  message: 'Image resized and saved to I:\\Job\\Day 07\\Task\\uploads\\posts\\post-1751281797340.jpeg',
  level: 'info',
  timestamp: '2025-06-30 16:39:57'
}
{
  message: 'Post created successfully by user: 6861859bfcc52b7002079f0a',
  level: 'info',
  timestamp: '2025-06-30 16:39:57'
}
{
  message: 'Server is running on port 3000',
  level: 'info',
  timestamp: '2025-06-30 16:41:50'
}
{
  message: 'MongoDB Connected...',
  level: 'info',
  timestamp: '2025-06-30 16:41:50'
}
{
  message: 'Server is running on port 3000',
  level: 'info',
  timestamp: '2025-06-30 16:41:52'
}
{
  message: 'MongoDB Connected...',
  level: 'info',
  timestamp: '2025-06-30 16:41:52'
}
{
  message: 'Token verified successfully - User Id : [object Object]',
  level: 'info',
  timestamp: '2025-06-30 16:41:54'
}
{
  message: 'Image resized and saved to I:\\Job\\Day 07\\Task\\uploads\\posts\\post-1751281914468.jpeg',
  level: 'info',
  timestamp: '2025-06-30 16:41:54'
}
{
  message: 'Post created successfully by user: 6861859bfcc52b7002079f0a',
  level: 'info',
  timestamp: '2025-06-30 16:41:54'
}
{
  message: 'Fetched all registered users',
  level: 'info',
  timestamp: '2025-06-30 16:47:43'
}
{
  message: 'Token verified successfully - User Id : [object Object]',
  level: 'info',
  timestamp: '2025-06-30 16:48:49'
}
{
  message: 'Token verified successfully - User Id : [object Object]',
  level: 'info',
  timestamp: '2025-06-30 16:48:51'
}
{
  message: 'Server is running on port 3000',
  level: 'info',
  timestamp: '2025-06-30 16:49:27'
}
{
  message: 'MongoDB Connected...',
  level: 'info',
  timestamp: '2025-06-30 16:49:27'
}
{
  message: 'Token verified successfully - User Id : 6861859bfcc52b7002079f0a',
  level: 'info',
  timestamp: '2025-06-30 16:49:30'
}
{
  message: 'Token verified successfully - User Id : 6861859bfcc52b7002079f0a',
  level: 'info',
  timestamp: '2025-06-30 16:49:31'
}
{
  message: 'Server is running on port 3000',
  level: 'info',
  timestamp: '2025-06-30 17:03:59'
}
{
  message: 'MongoDB Connected...',
  level: 'info',
  timestamp: '2025-06-30 17:03:59'
}
{
  message: 'Server is running on port 3000',
  level: 'info',
  timestamp: '2025-06-30 17:04:19'
}
{
  message: 'MongoDB Connected...',
  level: 'info',
  timestamp: '2025-06-30 17:04:19'
}
{
  message: 'Token verified successfully - User Id : 6861859bfcc52b7002079f0a',
  level: 'info',
  timestamp: '2025-06-30 17:06:51'
}
{
  message: 'Image resized and saved to I:\\Job\\Day 07\\Task\\uploads\\posts\\post-1751283411427.jpeg',
  level: 'info',
  timestamp: '2025-06-30 17:06:51'
}
{
  message: 'Post created successfully by user: 6861859bfcc52b7002079f0a',
  level: 'info',
  timestamp: '2025-06-30 17:06:51'
}
{
  message: 'Token verified successfully - User Id : 6861859bfcc52b7002079f0a',
  level: 'info',
  timestamp: '2025-06-30 17:07:35'
}
{
  message: 'Token verified successfully - User Id : 6861859bfcc52b7002079f0a',
  level: 'info',
  timestamp: '2025-06-30 17:08:56'
}
{
  message: 'New user registered: prarkahrr',
  level: 'info',
  timestamp: '2025-06-30 17:11:05'
}
{
  message: 'User logged in successfully: prarkahrr',
  level: 'info',
  timestamp: '2025-06-30 17:11:26'
}
{
  message: 'New user registered: hiu',
  level: 'info',
  timestamp: '2025-06-30 17:13:43'
}
{
  message: 'User logged in successfully: hiu',
  level: 'info',
  timestamp: '2025-06-30 17:13:53'
}
{
  message: 'New user registered: hiiu',
  level: 'info',
  timestamp: '2025-06-30 17:16:20'
}
{
  message: 'User logged in successfully: hiiu',
  level: 'info',
  timestamp: '2025-06-30 17:16:24'
}
{
  message: 'Token verified successfully - User Id : 6861859bfcc52b7002079f0a',
  level: 'info',
  timestamp: '2025-06-30 17:17:01'
}
{
  message: 'Image resized and saved to I:\\Job\\Day 07\\Task\\uploads\\posts\\post-1751284021726.jpeg',
  level: 'info',
  timestamp: '2025-06-30 17:17:01'
}
{
  message: 'Post created successfully by user: 6861859bfcc52b7002079f0a',
  level: 'info',
  timestamp: '2025-06-30 17:17:01'
}
{
  message: 'User logged in successfully: hiiu',
  level: 'info',
  timestamp: '2025-06-30 17:19:51'
}
{
  message: 'Token verified successfully - User Id : 6861859bfcc52b7002079f0a',
  level: 'info',
  timestamp: '2025-06-30 17:51:29'
}
{
  message: 'Token verified successfully - User Id : 6861859bfcc52b7002079f0a',
  level: 'info',
  timestamp: '2025-06-30 17:52:09'
}
{
  message: 'Token verified successfully - User Id : 6861859bfcc52b7002079f0a',
  level: 'info',
  timestamp: '2025-06-30 17:52:40'
}
{
  message: 'Image resized and saved to I:\\Job\\Day 07\\Task\\uploads\\posts\\post-1751286160693.jpeg',
  level: 'info',
  timestamp: '2025-06-30 17:52:40'
}
{
  message: 'Post created successfully by user: 6861859bfcc52b7002079f0a',
  level: 'info',
  timestamp: '2025-06-30 17:52:40'
}
{
  message: 'Token verified successfully - User Id : 6861859bfcc52b7002079f0a',
  level: 'info',
  timestamp: '2025-06-30 17:52:52'
}
{
  message: 'Token verified successfully - User Id : 6861859bfcc52b7002079f0a',
  level: 'info',
  timestamp: '2025-06-30 17:54:46'
}
{
  message: 'Token verified successfully - User Id : 6861859bfcc52b7002079f0a',
  level: 'info',
  timestamp: '2025-06-30 17:55:13'
}
{
  message: 'Token verified successfully - User Id : 6861859bfcc52b7002079f0a',
  level: 'info',
  timestamp: '2025-06-30 17:56:10'
}
{
  message: 'Token verified successfully - User Id : 6861859bfcc52b7002079f0a',
  level: 'info',
  timestamp: '2025-06-30 17:57:09'
}
{
  message: 'Server is running on port 3000',
  level: 'info',
  timestamp: '2025-06-30 17:57:28'
}
{
  message: 'MongoDB Connected...',
  level: 'info',
  timestamp: '2025-06-30 17:57:28'
}
{
  message: 'Token verified successfully - User Id : 6861859bfcc52b7002079f0a',
  level: 'info',
  timestamp: '2025-06-30 17:58:31'
}
{
  message: 'Server is running on port 3000',
  level: 'info',
  timestamp: '2025-06-30 17:59:04'
}
{
  message: 'MongoDB Connected...',
  level: 'info',
  timestamp: '2025-06-30 17:59:04'
}
{
  message: 'Token verified successfully - User Id : 6861859bfcc52b7002079f0a',
  level: 'info',
  timestamp: '2025-06-30 17:59:08'
}
{
  message: 'Server is running on port 3000',
  level: 'info',
  timestamp: '2025-06-30 18:00:09'
}
{
  message: 'MongoDB Connected...',
  level: 'info',
  timestamp: '2025-06-30 18:00:09'
}
{
  message: 'Server is running on port 3000',
  level: 'info',
  timestamp: '2025-06-30 18:00:11'
}
{
  message: 'MongoDB Connected...',
  level: 'info',
  timestamp: '2025-06-30 18:00:11'
}
{
  message: 'Server is running on port 3000',
  level: 'info',
  timestamp: '2025-06-30 18:00:14'
}
{
  message: 'MongoDB Connected...',
  level: 'info',
  timestamp: '2025-06-30 18:00:14'
}
{
  message: 'Server is running on port 3000',
  level: 'info',
  timestamp: '2025-06-30 18:00:23'
}
{
  message: 'MongoDB Connected...',
  level: 'info',
  timestamp: '2025-06-30 18:00:23'
}
{
  message: 'Server is running on port 3000',
  level: 'info',
  timestamp: '2025-06-30 18:00:35'
}
{
  message: 'MongoDB Connected...',
  level: 'info',
  timestamp: '2025-06-30 18:00:35'
}
{
  message: 'Server is running on port 3000',
  level: 'info',
  timestamp: '2025-06-30 18:00:37'
}
{
  message: 'MongoDB Connected...',
  level: 'info',
  timestamp: '2025-06-30 18:00:37'
}
{
  message: 'Server is running on port 3000',
  level: 'info',
  timestamp: '2025-06-30 18:00:54'
}
{
  message: 'MongoDB Connected...',
  level: 'info',
  timestamp: '2025-06-30 18:00:54'
}
{
  message: 'Server is running on port 3000',
  level: 'info',
  timestamp: '2025-06-30 18:00:56'
}
{
  message: 'MongoDB Connected...',
  level: 'info',
  timestamp: '2025-06-30 18:00:56'
}
{
  message: 'Server is running on port 3000',
  level: 'info',
  timestamp: '2025-06-30 18:00:58'
}
{
  message: 'MongoDB Connected...',
  level: 'info',
  timestamp: '2025-06-30 18:00:58'
}
{
  message: 'Server is running on port 3000',
  level: 'info',
  timestamp: '2025-06-30 18:01:03'
}
{
  message: 'MongoDB Connected...',
  level: 'info',
  timestamp: '2025-06-30 18:01:03'
}
{
  message: 'New user registered: rakcha',
  level: 'info',
  timestamp: '2025-06-30 18:01:24'
}
{
  message: 'User logged in successfully: rakcha',
  level: 'info',
  timestamp: '2025-06-30 18:01:43'
}
{
  message: 'Token verified successfully - User Id : undefined',
  level: 'info',
  timestamp: '2025-06-30 18:02:25'
}
{
  message: 'Post liked successfully by user: undefined on post: 686276d3ecb207317f4d028d',
  level: 'info',
  timestamp: '2025-06-30 18:02:25'
}
{
  message: 'New user registered: sivakumar',
  level: 'info',
  timestamp: '2025-06-30 18:11:16'
}
{
  message: 'New user registered: sabari',
  level: 'info',
  timestamp: '2025-06-30 18:11:25'
}
{
  message: 'New user registered: chandra',
  level: 'info',
  timestamp: '2025-06-30 18:11:34'
}
{
  message: 'New user registered: durga',
  level: 'info',
  timestamp: '2025-06-30 18:11:41'
}
{
  message: 'User logged in successfully: sivakumar',
  level: 'info',
  timestamp: '2025-06-30 18:11:54'
}
{
  message: 'Token verified successfully - User Id : undefined',
  level: 'info',
  timestamp: '2025-06-30 18:12:46'
}
{
  message: 'Image resized and saved to I:\\Job\\Day 07\\Task\\uploads\\posts\\post-1751287366603.jpeg',
  level: 'info',
  timestamp: '2025-06-30 18:12:46'
}
{
  message: 'Post created successfully by user: undefined',
  level: 'info',
  timestamp: '2025-06-30 18:12:46'
}
{
  message: 'Server is running on port 3000',
  level: 'info',
  timestamp: '2025-06-30 18:13:51'
}
{
  message: 'MongoDB Connected...',
  level: 'info',
  timestamp: '2025-06-30 18:13:51'
}
{
  message: 'Server is running on port 3000',
  level: 'info',
  timestamp: '2025-06-30 18:13:53'
}
{
  message: 'MongoDB Connected...',
  level: 'info',
  timestamp: '2025-06-30 18:13:53'
}
{
  message: 'Token verified successfully - User Id : undefined',
  level: 'info',
  timestamp: '2025-06-30 18:14:00'
}
{
  message: 'Image resized and saved to I:\\Job\\Day 07\\Task\\uploads\\posts\\post-1751287440167.jpeg',
  level: 'info',
  timestamp: '2025-06-30 18:14:00'
}
{
  message: 'Post created successfully by user: undefined',
  level: 'info',
  timestamp: '2025-06-30 18:14:00'
}
{
  message: 'Server is running on port 3000',
  level: 'info',
  timestamp: '2025-06-30 18:14:49'
}
{
  message: 'MongoDB Connected...',
  level: 'info',
  timestamp: '2025-06-30 18:14:49'
}
{
  message: 'Server is running on port 3000',
  level: 'info',
  timestamp: '2025-06-30 18:14:55'
}
{
  message: 'MongoDB Connected...',
  level: 'info',
  timestamp: '2025-06-30 18:14:55'
}
{
  message: 'Server is running on port 3000',
  level: 'info',
  timestamp: '2025-06-30 18:14:57'
}
{
  message: 'MongoDB Connected...',
  level: 'info',
  timestamp: '2025-06-30 18:14:57'
}
{
  message: 'Token verified successfully - User Id : undefined',
  level: 'info',
  timestamp: '2025-06-30 18:15:00'
}
{
  message: 'Image resized and saved to I:\\Job\\Day 07\\Task\\uploads\\posts\\post-1751287500334.jpeg',
  level: 'info',
  timestamp: '2025-06-30 18:15:00'
}
{
  message: 'Post created successfully by user: undefined',
  level: 'info',
  timestamp: '2025-06-30 18:15:00'
}
{
  message: 'Server is running on port 3000',
  level: 'info',
  timestamp: '2025-06-30 18:15:17'
}
{
  message: 'MongoDB Connected...',
  level: 'info',
  timestamp: '2025-06-30 18:15:17'
}
{
  message: 'Server is running on port 3000',
  level: 'info',
  timestamp: '2025-06-30 18:15:21'
}
{
  message: 'MongoDB Connected...',
  level: 'info',
  timestamp: '2025-06-30 18:15:21'
}
{
  message: 'Server is running on port 3000',
  level: 'info',
  timestamp: '2025-06-30 18:16:52'
}
{
  message: 'MongoDB Connected...',
  level: 'info',
  timestamp: '2025-06-30 18:16:52'
}
{
  message: 'Token verified successfully - User Id : undefined',
  level: 'info',
  timestamp: '2025-06-30 18:16:55'
}
{
  message: 'Image resized and saved to I:\\Job\\Day 07\\Task\\uploads\\posts\\post-1751287615174.jpeg',
  level: 'info',
  timestamp: '2025-06-30 18:16:55'
}
{
  message: 'Post created successfully by user: undefined',
  level: 'info',
  timestamp: '2025-06-30 18:16:55'
}
{
  message: 'Server is running on port 3000',
  level: 'info',
  timestamp: '2025-06-30 18:17:20'
}
{
  message: 'MongoDB Connected...',
  level: 'info',
  timestamp: '2025-06-30 18:17:20'
}
{
  message: 'Token verified successfully - User Id : undefined',
  level: 'info',
  timestamp: '2025-06-30 18:18:02'
}
{
  message: 'Comment added successfully by user: undefined on post: 68628190ecb207317f4d02b1',
  level: 'info',
  timestamp: '2025-06-30 18:18:02'
}
{
  message: 'Server is running on port 3000',
  level: 'info',
  timestamp: '2025-06-30 18:18:39'
}
{
  message: 'MongoDB Connected...',
  level: 'info',
  timestamp: '2025-06-30 18:18:39'
}
{
  message: 'Server is running on port 3000',
  level: 'info',
  timestamp: '2025-06-30 18:18:41'
}
{
  message: 'MongoDB Connected...',
  level: 'info',
  timestamp: '2025-06-30 18:18:41'
}
{
  message: 'Token verified successfully - User Id : undefined',
  level: 'info',
  timestamp: '2025-06-30 18:19:12'
}
{
  message: 'Image resized and saved to I:\\Job\\Day 07\\Task\\uploads\\posts\\post-1751287752639.jpeg',
  level: 'info',
  timestamp: '2025-06-30 18:19:12'
}
{
  message: 'Post created successfully by user: undefined',
  level: 'info',
  timestamp: '2025-06-30 18:19:12'
}
{
  message: 'Token verified successfully - User Id : undefined',
  level: 'info',
  timestamp: '2025-06-30 18:19:26'
}
{
  message: 'Comment added successfully by user: undefined on post: 686287c8ecb207317f4d02de',
  level: 'info',
  timestamp: '2025-06-30 18:19:26'
}
{
  message: 'Token verified successfully - User Id : undefined',
  level: 'info',
  timestamp: '2025-06-30 18:19:34'
}
{
  message: 'Post liked successfully by user: undefined on post: 686287c8ecb207317f4d02de',
  level: 'info',
  timestamp: '2025-06-30 18:19:34'
}
{
  message: 'Token verified successfully - User Id : undefined',
  level: 'info',
  timestamp: '2025-06-30 18:19:35'
}
{
  message: 'Token verified successfully - User Id : undefined',
  level: 'info',
  timestamp: '2025-06-30 18:19:36'
}
{
  message: 'Token verified successfully - User Id : 6861859bfcc52b7002079f0a',
  level: 'info',
  timestamp: '2025-06-30 18:22:28'
}
{
  message: 'Fetched all posts successfully',
  level: 'info',
  timestamp: '2025-06-30 18:22:28'
}
{
  message: 'Server is running on port 3000',
  level: 'info',
  timestamp: '2025-06-30 18:23:37'
}
{
  message: 'MongoDB Connected...',
  level: 'info',
  timestamp: '2025-06-30 18:23:37'
}
{
  message: 'Server is running on port 3000',
  level: 'info',
  timestamp: '2025-06-30 18:23:42'
}
{
  message: 'MongoDB Connected...',
  level: 'info',
  timestamp: '2025-06-30 18:23:42'
}
{
  message: 'Server is running on port 3000',
  level: 'info',
  timestamp: '2025-06-30 18:23:49'
}
{
  message: 'MongoDB Connected...',
  level: 'info',
  timestamp: '2025-06-30 18:23:49'
}
{
  message: 'Server is running on port 3000',
  level: 'info',
  timestamp: '2025-06-30 18:23:51'
}
{
  message: 'MongoDB Connected...',
  level: 'info',
  timestamp: '2025-06-30 18:23:51'
}
{
  message: 'Token verified successfully - User Id : undefined',
  level: 'info',
  timestamp: '2025-06-30 18:23:56'
}
{
  message: 'Token verified successfully - User Id : undefined',
  level: 'info',
  timestamp: '2025-06-30 18:24:02'
}
{
  message: 'Image resized and saved to I:\\Job\\Day 07\\Task\\uploads\\posts\\post-1751288042236.jpeg',
  level: 'info',
  timestamp: '2025-06-30 18:24:02'
}
{
  message: 'Post created successfully by user: undefined',
  level: 'info',
  timestamp: '2025-06-30 18:24:02'
}
{
  message: 'Server is running on port 3000',
  level: 'info',
  timestamp: '2025-06-30 18:24:28'
}
{
  message: 'MongoDB Connected...',
  level: 'info',
  timestamp: '2025-06-30 18:24:28'
}
{
  message: 'Server is running on port 3000',
  level: 'info',
  timestamp: '2025-06-30 18:24:33'
}
{
  message: 'MongoDB Connected...',
  level: 'info',
  timestamp: '2025-06-30 18:24:33'
}
{
  message: 'Token verified successfully - User Id : undefined',
  level: 'info',
  timestamp: '2025-06-30 18:24:35'
}
{
  message: 'Image resized and saved to I:\\Job\\Day 07\\Task\\uploads\\posts\\post-1751288075610.jpeg',
  level: 'info',
  timestamp: '2025-06-30 18:24:35'
}
{
  message: 'Post created successfully by user: undefined',
  level: 'info',
  timestamp: '2025-06-30 18:24:35'
}
{
  message: 'Server is running on port 3000',
  level: 'info',
  timestamp: '2025-06-30 18:24:58'
}
{
  message: 'MongoDB Connected...',
  level: 'info',
  timestamp: '2025-06-30 18:24:58'
}
{
  message: 'Server is running on port 3000',
  level: 'info',
  timestamp: '2025-06-30 18:25:02'
}
{
  message: 'MongoDB Connected...',
  level: 'info',
  timestamp: '2025-06-30 18:25:02'
}
{
  message: 'Token verified successfully - User Id : undefined',
  level: 'info',
  timestamp: '2025-06-30 18:25:04'
}
{
  message: 'Image resized and saved to I:\\Job\\Day 07\\Task\\uploads\\posts\\post-1751288104255.jpeg',
  level: 'info',
  timestamp: '2025-06-30 18:25:04'
}
{
  message: 'Post created successfully by user: undefined',
  level: 'info',
  timestamp: '2025-06-30 18:25:04'
}
{
  message: 'Server is running on port 3000',
  level: 'info',
  timestamp: '2025-06-30 18:25:14'
}
{
  message: 'MongoDB Connected...',
  level: 'info',
  timestamp: '2025-06-30 18:25:14'
}
{
  message: 'Server is running on port 3000',
  level: 'info',
  timestamp: '2025-06-30 18:25:20'
}
{
  message: 'MongoDB Connected...',
  level: 'info',
  timestamp: '2025-06-30 18:25:20'
}
{
  message: 'Server is running on port 3000',
  level: 'info',
  timestamp: '2025-06-30 18:25:26'
}
{
  message: 'MongoDB Connected...',
  level: 'info',
  timestamp: '2025-06-30 18:25:26'
}
{
  message: 'Server is running on port 3000',
  level: 'info',
  timestamp: '2025-06-30 18:25:30'
}
{
  message: 'MongoDB Connected...',
  level: 'info',
  timestamp: '2025-06-30 18:25:30'
}
{
  message: 'Token verified successfully - User Id : undefined',
  level: 'info',
  timestamp: '2025-06-30 18:25:33'
}
{
  message: 'Image resized and saved to I:\\Job\\Day 07\\Task\\uploads\\posts\\post-1751288133239.jpeg',
  level: 'info',
  timestamp: '2025-06-30 18:25:33'
}
{
  message: 'Post created successfully by user: undefined',
  level: 'info',
  timestamp: '2025-06-30 18:25:33'
}
{
  message: 'Server is running on port 3000',
  level: 'info',
  timestamp: '2025-06-30 18:25:59'
}
{
  message: 'MongoDB Connected...',
  level: 'info',
  timestamp: '2025-06-30 18:25:59'
}
{
  message: 'Token verified successfully - User Id : undefined',
  level: 'info',
  timestamp: '2025-06-30 18:26:03'
}
{
  message: 'Image resized and saved to I:\\Job\\Day 07\\Task\\uploads\\posts\\post-1751288163565.jpeg',
  level: 'info',
  timestamp: '2025-06-30 18:26:03'
}
{
  message: 'Post created successfully by user: undefined',
  level: 'info',
  timestamp: '2025-06-30 18:26:03'
}
{
  message: 'Token verified successfully - User Id : undefined',
  level: 'info',
  timestamp: '2025-06-30 18:26:08'
}
{
  message: 'Token verified successfully - User Id : undefined',
  level: 'info',
  timestamp: '2025-06-30 18:26:12'
}
{
  message: 'Comment added successfully by user: undefined on post: 686287c8ecb207317f4d02de',
  level: 'info',
  timestamp: '2025-06-30 18:26:12'
}
{
  message: 'Token verified successfully - User Id : undefined',
  level: 'info',
  timestamp: '2025-06-30 18:26:27'
}
{
  message: 'Comment added successfully by user: undefined on post: 68628963ecb207317f4d02f8',
  level: 'info',
  timestamp: '2025-06-30 18:26:27'
}
{
  message: 'Server is running on port 3000',
  level: 'info',
  timestamp: '2025-06-30 18:27:02'
}
{
  message: 'MongoDB Connected...',
  level: 'info',
  timestamp: '2025-06-30 18:27:02'
}
{
  message: 'Token verified successfully - User Id : undefined',
  level: 'info',
  timestamp: '2025-06-30 18:27:09'
}
{
  message: 'Image resized and saved to I:\\Job\\Day 07\\Task\\uploads\\posts\\post-1751288229166.jpeg',
  level: 'info',
  timestamp: '2025-06-30 18:27:09'
}
{
  message: 'Post created successfully by user: undefined',
  level: 'info',
  timestamp: '2025-06-30 18:27:09'
}
{
  message: 'Token verified successfully - User Id : undefined',
  level: 'info',
  timestamp: '2025-06-30 18:28:20'
}
{
  message: 'Image resized and saved to I:\\Job\\Day 07\\Task\\uploads\\posts\\post-1751288300715.jpeg',
  level: 'info',
  timestamp: '2025-06-30 18:28:20'
}
{
  message: 'Post created successfully by user: undefined',
  level: 'info',
  timestamp: '2025-06-30 18:28:20'
}
{
  message: 'Server is running on port 3000',
  level: 'info',
  timestamp: '2025-06-30 18:31:45'
}
{
  message: 'MongoDB Connected...',
  level: 'info',
  timestamp: '2025-06-30 18:31:45'
}
{
  message: 'Server is running on port 3000',
  level: 'info',
  timestamp: '2025-06-30 18:31:56'
}
{
  message: 'MongoDB Connected...',
  level: 'info',
  timestamp: '2025-06-30 18:31:56'
}
{
  message: 'Server is running on port 3000',
  level: 'info',
  timestamp: '2025-06-30 18:31:58'
}
{
  message: 'MongoDB Connected...',
  level: 'info',
  timestamp: '2025-06-30 18:31:58'
}
{
  message: 'Server is running on port 3000',
  level: 'info',
  timestamp: '2025-06-30 18:32:00'
}
{
  message: 'MongoDB Connected...',
  level: 'info',
  timestamp: '2025-06-30 18:32:00'
}
{
  message: 'Server is running on port 3000',
  level: 'info',
  timestamp: '2025-06-30 18:32:04'
}
{
  message: 'MongoDB Connected...',
  level: 'info',
  timestamp: '2025-06-30 18:32:04'
}
{
  message: 'Server is running on port 3000',
  level: 'info',
  timestamp: '2025-06-30 18:32:08'
}
{
  message: 'MongoDB Connected...',
  level: 'info',
  timestamp: '2025-06-30 18:32:08'
}
{
  message: 'Server is running on port 3000',
  level: 'info',
  timestamp: '2025-06-30 18:32:09'
}
{
  message: 'MongoDB Connected...',
  level: 'info',
  timestamp: '2025-06-30 18:32:09'
}
{
  message: 'Server is running on port 3000',
  level: 'info',
  timestamp: '2025-06-30 18:32:12'
}
{
  message: 'MongoDB Connected...',
  level: 'info',
  timestamp: '2025-06-30 18:32:12'
}
{
  message: 'Server is running on port 3000',
  level: 'info',
  timestamp: '2025-06-30 18:32:16'
}
{
  message: 'MongoDB Connected...',
  level: 'info',
  timestamp: '2025-06-30 18:32:16'
}
{
  message: 'Token verified successfully - User Id : undefined',
  level: 'info',
  timestamp: '2025-06-30 18:32:27'
}
{
  message: 'Image resized and saved to I:\\Job\\Day 07\\Task\\uploads\\posts\\post-1751288547403.jpeg',
  level: 'info',
  timestamp: '2025-06-30 18:32:27'
}
{
  message: 'Post created successfully by user: undefined',
  level: 'info',
  timestamp: '2025-06-30 18:32:27'
}
{
  message: 'Server is running on port 3000',
  level: 'info',
  timestamp: '2025-06-30 18:32:51'
}
{
  message: 'MongoDB Connected...',
  level: 'info',
  timestamp: '2025-06-30 18:32:51'
}
{
  message: 'Server is running on port 3000',
  level: 'info',
  timestamp: '2025-06-30 18:32:57'
}
{
  message: 'MongoDB Connected...',
  level: 'info',
  timestamp: '2025-06-30 18:32:57'
}
{
  message: 'Server is running on port 3000',
  level: 'info',
  timestamp: '2025-06-30 18:33:06'
}
{
  message: 'MongoDB Connected...',
  level: 'info',
  timestamp: '2025-06-30 18:33:06'
}
{
  message: 'Token verified successfully - User Id : undefined',
  level: 'info',
  timestamp: '2025-06-30 18:33:48'
}
{
  message: 'Image resized and saved to I:\\Job\\Day 07\\Task\\uploads\\posts\\post-1751288628151.jpeg',
  level: 'info',
  timestamp: '2025-06-30 18:33:48'
}
{
  message: 'Post created successfully by user: undefined',
  level: 'info',
  timestamp: '2025-06-30 18:33:48'
}
{
  message: 'Token verified successfully - User Id : undefined',
  level: 'info',
  timestamp: '2025-06-30 18:33:57'
}
{
  message: 'Image resized and saved to I:\\Job\\Day 07\\Task\\uploads\\posts\\post-1751288637429.jpeg',
  level: 'info',
  timestamp: '2025-06-30 18:33:57'
}
{
  message: 'Post created successfully by user: undefined',
  level: 'info',
  timestamp: '2025-06-30 18:33:57'
}
{
  message: 'Token verified successfully - User Id : undefined',
  level: 'info',
  timestamp: '2025-06-30 18:34:02'
}
{
  message: 'Image resized and saved to I:\\Job\\Day 07\\Task\\uploads\\posts\\post-1751288642471.jpeg',
  level: 'info',
  timestamp: '2025-06-30 18:34:02'
}
{
  message: 'Post created successfully by user: undefined',
  level: 'info',
  timestamp: '2025-06-30 18:34:02'
}
{
  message: 'Token verified successfully - User Id : undefined',
  level: 'info',
  timestamp: '2025-06-30 18:34:20'
}
{
  message: 'Image resized and saved to I:\\Job\\Day 07\\Task\\uploads\\posts\\post-1751288660794.jpeg',
  level: 'info',
  timestamp: '2025-06-30 18:34:20'
}
{
  message: 'Post created successfully by user: undefined',
  level: 'info',
  timestamp: '2025-06-30 18:34:20'
}
{
  message: 'Server is running on port 3000',
  level: 'info',
  timestamp: '2025-06-30 18:34:59'
}
{
  message: 'MongoDB Connected...',
  level: 'info',
  timestamp: '2025-06-30 18:34:59'
}
{
  message: 'Server is running on port 3000',
  level: 'info',
  timestamp: '2025-06-30 18:35:02'
}
{
  message: 'MongoDB Connected...',
  level: 'info',
  timestamp: '2025-06-30 18:35:02'
}
{
  message: 'Server is running on port 3000',
  level: 'info',
  timestamp: '2025-06-30 18:35:03'
}
{
  message: 'MongoDB Connected...',
  level: 'info',
  timestamp: '2025-06-30 18:35:03'
}
{
  message: 'Server is running on port 3000',
  level: 'info',
  timestamp: '2025-06-30 18:35:11'
}
{
  message: 'MongoDB Connected...',
  level: 'info',
  timestamp: '2025-06-30 18:35:11'
}
{
  message: 'Server is running on port 3000',
  level: 'info',
  timestamp: '2025-06-30 18:35:13'
}
{
  message: 'MongoDB Connected...',
  level: 'info',
  timestamp: '2025-06-30 18:35:13'
}
{
  message: 'Server is running on port 3000',
  level: 'info',
  timestamp: '2025-06-30 18:35:14'
}
{
  message: 'MongoDB Connected...',
  level: 'info',
  timestamp: '2025-06-30 18:35:14'
}
{
  message: 'Server is running on port 3000',
  level: 'info',
  timestamp: '2025-06-30 18:35:22'
}
{
  message: 'MongoDB Connected...',
  level: 'info',
  timestamp: '2025-06-30 18:35:22'
}
{
  message: 'Server is running on port 3000',
  level: 'info',
  timestamp: '2025-06-30 18:35:26'
}
{
  message: 'MongoDB Connected...',
  level: 'info',
  timestamp: '2025-06-30 18:35:26'
}
{
  message: 'Token verified successfully - User Id : undefined',
  level: 'info',
  timestamp: '2025-06-30 18:35:29'
}
{
  message: 'Image resized and saved to I:\\Job\\Day 07\\Task\\uploads\\posts\\post-1751288729488.jpeg',
  level: 'info',
  timestamp: '2025-06-30 18:35:29'
}
{
  message: 'Post created successfully by user: undefined',
  level: 'info',
  timestamp: '2025-06-30 18:35:29'
}
{
  message: 'Server is running on port 3000',
  level: 'info',
  timestamp: '2025-06-30 18:35:55'
}
{
  message: 'MongoDB Connected...',
  level: 'info',
  timestamp: '2025-06-30 18:35:55'
}
{
  message: 'Token verified successfully - User Id : undefined',
  level: 'info',
  timestamp: '2025-06-30 18:35:58'
}
{
  message: 'Image resized and saved to I:\\Job\\Day 07\\Task\\uploads\\posts\\post-1751288758325.jpeg',
  level: 'info',
  timestamp: '2025-06-30 18:35:58'
}
{
  message: 'Post created successfully by user: undefined',
  level: 'info',
  timestamp: '2025-06-30 18:35:58'
}
{
  message: 'Server is running on port 3000',
  level: 'info',
  timestamp: '2025-06-30 18:36:15'
}
{
  message: 'MongoDB Connected...',
  level: 'info',
  timestamp: '2025-06-30 18:36:15'
}
{
  message: 'Server is running on port 3000',
  level: 'info',
  timestamp: '2025-06-30 18:39:12'
}
{
  message: 'MongoDB Connected...',
  level: 'info',
  timestamp: '2025-06-30 18:39:12'
}
{
  message: 'Token verified successfully - User Id : undefined',
  level: 'info',
  timestamp: '2025-06-30 18:39:26'
}
{
  message: 'Image resized and saved to I:\\Job\\Day 07\\Task\\uploads\\posts\\post-1751288966545.jpeg',
  level: 'info',
  timestamp: '2025-06-30 18:39:26'
}
{
  message: 'Post created successfully by user: undefined',
  level: 'info',
  timestamp: '2025-06-30 18:39:26'
}
{
  message: 'Server is running on port 3000',
  level: 'info',
  timestamp: '2025-06-30 18:39:59'
}
{
  message: 'MongoDB Connected...',
  level: 'info',
  timestamp: '2025-06-30 18:39:59'
}
{
  message: 'Server is running on port 3000',
  level: 'info',
  timestamp: '2025-06-30 18:40:01'
}
{
  message: 'MongoDB Connected...',
  level: 'info',
  timestamp: '2025-06-30 18:40:01'
}
{
  message: 'Server is running on port 3000',
  level: 'info',
  timestamp: '2025-06-30 18:40:03'
}
{
  message: 'MongoDB Connected...',
  level: 'info',
  timestamp: '2025-06-30 18:40:03'
}
{
  message: 'Token verified successfully - User Id : undefined',
  level: 'info',
  timestamp: '2025-06-30 18:40:34'
}
{
  message: 'Image resized and saved to I:\\Job\\Day 07\\Task\\uploads\\posts\\post-1751289034376.jpeg',
  level: 'info',
  timestamp: '2025-06-30 18:40:34'
}
{
  message: 'Post created successfully by user: undefined',
  level: 'info',
  timestamp: '2025-06-30 18:40:34'
}
{
  message: 'Server is running on port 3000',
  level: 'info',
  timestamp: '2025-06-30 18:41:40'
}
{
  message: 'MongoDB Connected...',
  level: 'info',
  timestamp: '2025-06-30 18:41:40'
}
{
  message: 'Server is running on port 3000',
  level: 'info',
  timestamp: '2025-06-30 18:41:42'
}
{
  message: 'MongoDB Connected...',
  level: 'info',
  timestamp: '2025-06-30 18:41:42'
}
{
  message: 'Server is running on port 3000',
  level: 'info',
  timestamp: '2025-06-30 18:41:55'
}
{
  message: 'MongoDB Connected...',
  level: 'info',
  timestamp: '2025-06-30 18:41:55'
}
{
  message: 'Server is running on port 3000',
  level: 'info',
  timestamp: '2025-06-30 18:41:58'
}
{
  message: 'MongoDB Connected...',
  level: 'info',
  timestamp: '2025-06-30 18:41:58'
}
{
  message: 'Token verified successfully - User Id : undefined',
  level: 'info',
  timestamp: '2025-06-30 18:42:03'
}
{
  message: 'Image resized and saved to I:\\Job\\Day 07\\Task\\uploads\\posts\\post-1751289123930.jpeg',
  level: 'info',
  timestamp: '2025-06-30 18:42:03'
}
{
  message: 'Post created successfully by user: undefined',
  level: 'info',
  timestamp: '2025-06-30 18:42:03'
}
{
  message: 'Server is running on port 3000',
  level: 'info',
  timestamp: '2025-06-30 18:42:42'
}
{
  message: 'MongoDB Connected...',
  level: 'info',
  timestamp: '2025-06-30 18:42:42'
}
{
  message: 'Token verified successfully - User Id : undefined',
  level: 'info',
  timestamp: '2025-06-30 18:43:05'
}
{
  message: 'Image resized and saved to I:\\Job\\Day 07\\Task\\uploads\\posts\\post-1751289185255.jpeg',
  level: 'info',
  timestamp: '2025-06-30 18:43:05'
}
{
  message: 'Post created successfully by user: undefined',
  level: 'info',
  timestamp: '2025-06-30 18:43:05'
}
{
  message: 'Server is running on port 3000',
  level: 'info',
  timestamp: '2025-06-30 18:44:18'
}
{
  message: 'MongoDB Connected...',
  level: 'info',
  timestamp: '2025-06-30 18:44:18'
}
{
  message: 'Token verified successfully - User Id : undefined',
  level: 'info',
  timestamp: '2025-06-30 18:44:22'
}
{
  message: 'Image resized and saved to I:\\Job\\Day 07\\Task\\uploads\\posts\\post-1751289262996.jpeg',
  level: 'info',
  timestamp: '2025-06-30 18:44:23'
}
{
  message: 'Post created successfully by user: undefined',
  level: 'info',
  timestamp: '2025-06-30 18:44:23'
}
{
  message: 'Server is running on port 3000',
  level: 'info',
  timestamp: '2025-06-30 18:44:40'
}
{
  message: 'MongoDB Connected...',
  level: 'info',
  timestamp: '2025-06-30 18:44:40'
}
{
  message: 'Server is running on port 3000',
  level: 'info',
  timestamp: '2025-06-30 18:45:14'
}
{
  message: 'MongoDB Connected...',
  level: 'info',
  timestamp: '2025-06-30 18:45:14'
}
{
  message: 'Server is running on port 3000',
  level: 'info',
  timestamp: '2025-06-30 18:45:17'
}
{
  message: 'MongoDB Connected...',
  level: 'info',
  timestamp: '2025-06-30 18:45:17'
}
{
  message: 'Server is running on port 3000',
  level: 'info',
  timestamp: '2025-06-30 18:45:19'
}
{
  message: 'MongoDB Connected...',
  level: 'info',
  timestamp: '2025-06-30 18:45:19'
}
{
  message: 'User logged in successfully: sivakumar',
  level: 'info',
  timestamp: '2025-06-30 18:45:30'
}
{
  message: 'Server is running on port 3000',
  level: 'info',
  timestamp: '2025-06-30 18:47:15'
}
{
  message: 'MongoDB Connected...',
  level: 'info',
  timestamp: '2025-06-30 18:47:15'
}
{
  message: 'Server is running on port 3000',
  level: 'info',
  timestamp: '2025-06-30 18:48:30'
}
{
  message: 'MongoDB Connected...',
  level: 'info',
  timestamp: '2025-06-30 18:48:30'
}
{
  message: 'Server is running on port 3000',
  level: 'info',
  timestamp: '2025-06-30 18:49:01'
}
{
  message: 'MongoDB Connected...',
  level: 'info',
  timestamp: '2025-06-30 18:49:01'
}
{
  message: 'Server is running on port 3000',
  level: 'info',
  timestamp: '2025-06-30 18:49:04'
}
{
  message: 'MongoDB Connected...',
  level: 'info',
  timestamp: '2025-06-30 18:49:04'
}
{
  message: 'User logged in successfully: sivakumar',
  level: 'info',
  timestamp: '2025-06-30 18:49:58'
}
{
  message: 'Token verified successfully - User Id : undefined',
  level: 'info',
  timestamp: '2025-06-30 18:50:11'
}
{
  message: 'Image resized and saved to I:\\Job\\Day 07\\Task\\uploads\\posts\\post-1751289611953.jpeg',
  level: 'info',
  timestamp: '2025-06-30 18:50:11'
}
{
  message: 'Post created successfully by user: 686285ececb207317f4d02c6',
  level: 'info',
  timestamp: '2025-06-30 18:50:12'
}
{
  message: 'Server is running on port 3000',
  level: 'info',
  timestamp: '2025-06-30 18:50:35'
}
{
  message: 'MongoDB Connected...',
  level: 'info',
  timestamp: '2025-06-30 18:50:35'
}
{
  message: 'Token verified successfully - User Id : 686285ececb207317f4d02c6',
  level: 'info',
  timestamp: '2025-06-30 18:51:02'
}
{
  message: 'Image resized and saved to I:\\Job\\Day 07\\Task\\uploads\\posts\\post-1751289662914.jpeg',
  level: 'info',
  timestamp: '2025-06-30 18:51:02'
}
{
  message: 'Post created successfully by user: 686285ececb207317f4d02c6',
  level: 'info',
  timestamp: '2025-06-30 18:51:02'
}
{
  message: 'Token verified successfully - User Id : 6862839cecb207317f4d02bc',
  level: 'info',
  timestamp: '2025-06-30 18:51:16'
}
{
  message: 'Post liked successfully by user: 6862839cecb207317f4d02bc on post: 68628f3e2d437a38fe7777aa',
  level: 'info',
  timestamp: '2025-06-30 18:51:16'
}
{
  message: 'Server is running on port 3000',
  level: 'info',
  timestamp: '2025-06-30 19:00:46'
}
{
  message: 'MongoDB Connected...',
  level: 'info',
  timestamp: '2025-06-30 19:00:46'
}
{
  message: 'Server is running on port 3000',
  level: 'info',
  timestamp: '2025-06-30 19:01:10'
}
{
  message: 'MongoDB Connected...',
  level: 'info',
  timestamp: '2025-06-30 19:01:10'
}
{
  message: 'Token verified successfully - User Id : 686285ececb207317f4d02c6',
  level: 'info',
  timestamp: '2025-06-30 19:02:58'
}
{
  message: 'Image resized and saved to I:\\Job\\Day 07\\Task\\uploads\\posts\\post-1751290378441.jpeg',
  level: 'info',
  timestamp: '2025-06-30 19:02:58'
}
{
  message: 'Post created successfully by user: 686285ececb207317f4d02c6',
  level: 'info',
  timestamp: '2025-06-30 19:02:58'
}
{
  message: 'Token verified successfully - User Id : 6862839cecb207317f4d02bc',
  level: 'info',
  timestamp: '2025-06-30 19:03:22'
}
{
  message: 'Post liked successfully by user: 6862839cecb207317f4d02bc on post: 6862920a8bfaeb13321cab54',
  level: 'info',
  timestamp: '2025-06-30 19:03:22'
}
{
  message: 'Token verified successfully - User Id : 686285ececb207317f4d02c6',
  level: 'info',
  timestamp: '2025-06-30 19:03:42'
}
{
  message: 'Comment added successfully by user: 686285ececb207317f4d02c6 on post: 6862920a8bfaeb13321cab54',
  level: 'info',
  timestamp: '2025-06-30 19:03:42'
}
{
  message: 'Server is running on port 3000',
  level: 'info',
  timestamp: '2025-06-30 19:04:21'
}
{
  message: 'MongoDB Connected...',
  level: 'info',
  timestamp: '2025-06-30 19:04:21'
}
{
  message: 'Server is running on port 3000',
  level: 'info',
  timestamp: '2025-06-30 19:29:54'
}
{
  message: 'MongoDB Connected...',
  level: 'info',
  timestamp: '2025-06-30 19:29:54'
}
{
  message: 'Token verified successfully - User Id : 686285ececb207317f4d02c6',
  level: 'info',
  timestamp: '2025-06-30 19:33:18'
}
{
  message: 'Comment added successfully by user: 686285ececb207317f4d02c6 on post: 6862920a8bfaeb13321cab54',
  level: 'info',
  timestamp: '2025-06-30 19:33:18'
}
{
  message: 'User logged in successfully: sabari',
  level: 'info',
  timestamp: '2025-06-30 19:34:24'
}
{
  message: 'Token verified successfully - User Id : [object Object]',
  level: 'info',
  timestamp: '2025-06-30 19:35:01'
}
{
  message: 'Server is running on port 3000',
  level: 'info',
  timestamp: '2025-06-30 19:35:53'
}
{
  message: 'MongoDB Connected...',
  level: 'info',
  timestamp: '2025-06-30 19:35:53'
}
{
  message: 'Token verified successfully - User Id : [object Object]',
  level: 'info',
  timestamp: '2025-06-30 19:35:55'
}
{
  message: 'Server is running on port 3000',
  level: 'info',
  timestamp: '2025-06-30 19:37:01'
}
{
  message: 'MongoDB Connected...',
  level: 'info',
  timestamp: '2025-06-30 19:37:01'
}
{
  message: 'Token verified successfully - User Id : [object Object]',
  level: 'info',
  timestamp: '2025-06-30 19:37:21'
}
{
  message: 'Server is running on port 3000',
  level: 'info',
  timestamp: '2025-06-30 19:38:25'
}
{
  message: 'MongoDB Connected...',
  level: 'info',
  timestamp: '2025-06-30 19:38:25'
}
{
  message: 'Server is running on port 3000',
  level: 'info',
  timestamp: '2025-06-30 19:38:29'
}
{
  message: 'MongoDB Connected...',
  level: 'info',
  timestamp: '2025-06-30 19:38:29'
}
{
  message: 'Token verified successfully - User Id : undefined',
  level: 'info',
  timestamp: '2025-06-30 19:38:31'
}
{
  message: 'Server is running on port 3000',
  level: 'info',
  timestamp: '2025-06-30 19:38:39'
}
{
  message: 'MongoDB Connected...',
  level: 'info',
  timestamp: '2025-06-30 19:38:39'
}
{
  message: 'Server is running on port 3000',
  level: 'info',
  timestamp: '2025-06-30 19:38:50'
}
{
  message: 'MongoDB Connected...',
  level: 'info',
  timestamp: '2025-06-30 19:38:50'
}
{
  message: 'Server is running on port 3000',
  level: 'info',
  timestamp: '2025-06-30 19:38:52'
}
{
  message: 'MongoDB Connected...',
  level: 'info',
  timestamp: '2025-06-30 19:38:52'
}
{
  message: 'Token verified successfully - User Id : [object Object]',
  level: 'info',
  timestamp: '2025-06-30 19:38:56'
}
{
  message: 'New user registered: durga',
  level: 'info',
  timestamp: '2025-06-30 19:39:37'
}
{
  message: 'New user registered: siva',
  level: 'info',
  timestamp: '2025-06-30 19:39:47'
}
{
  message: 'User logged in successfully: siva',
  level: 'info',
  timestamp: '2025-06-30 19:40:07'
}
{
  message: 'Server is running on port 3000',
  level: 'info',
  timestamp: '2025-06-30 19:40:54'
}
{
  message: 'MongoDB Connected...',
  level: 'info',
  timestamp: '2025-06-30 19:40:54'
}
{
  message: 'Server is running on port 3000',
  level: 'info',
  timestamp: '2025-06-30 19:40:58'
}
{
  message: 'MongoDB Connected...',
  level: 'info',
  timestamp: '2025-06-30 19:40:58'
}
{
  message: 'User logged in successfully: siva',
  level: 'info',
  timestamp: '2025-06-30 19:41:09'
}
{
  message: 'Server is running on port 3000',
  level: 'info',
  timestamp: '2025-06-30 19:43:01'
}
{
  message: 'MongoDB Connected...',
  level: 'info',
  timestamp: '2025-06-30 19:43:01'
}
{
  message: 'Server is running on port 3000',
  level: 'info',
  timestamp: '2025-06-30 19:43:04'
}
{
  message: 'MongoDB Connected...',
  level: 'info',
  timestamp: '2025-06-30 19:43:04'
}
{
  message: 'New user registered: sivakumar',
  level: 'info',
  timestamp: '2025-06-30 19:43:20'
}
{
  message: 'User logged in successfully: sivakumar',
  level: 'info',
  timestamp: '2025-06-30 19:43:31'
}
{
  message: 'Server is running on port 3000',
  level: 'info',
  timestamp: '2025-06-30 19:45:27'
}
{
  message: 'MongoDB Connected...',
  level: 'info',
  timestamp: '2025-06-30 19:45:27'
}
{
  message: 'Server is running on port 3000',
  level: 'info',
  timestamp: '2025-06-30 19:46:40'
}
{
  message: 'MongoDB Connected...',
  level: 'info',
  timestamp: '2025-06-30 19:46:40'
}
{
  message: 'New user registered: sivakumarrc',
  level: 'info',
  timestamp: '2025-06-30 19:46:56'
}
{
  message: 'User logged in successfully: sivakumarrc',
  level: 'info',
  timestamp: '2025-06-30 19:47:00'
}
{
  message: 'New user registered: sivakumarrc',
  level: 'info',
  timestamp: '2025-06-30 19:48:03'
}
{
  message: 'User logged in successfully: sivakumarrc',
  level: 'info',
  timestamp: '2025-06-30 19:48:07'
}
{
  message: 'New user registered: sabari',
  level: 'info',
  timestamp: '2025-06-30 19:48:20'
}
{
  message: 'User logged in successfully: sabari',
  level: 'info',
  timestamp: '2025-06-30 19:48:28'
}
{
  message: 'New user registered: somu',
  level: 'info',
  timestamp: '2025-06-30 19:48:38'
}
{
  message: 'User logged in successfully: somu',
  level: 'info',
  timestamp: '2025-06-30 19:48:45'
}
{
  message: 'Token verified successfully - User Id : 68629cbedadd2b3d0fd5673c',
  level: 'info',
  timestamp: '2025-06-30 19:49:10'
}
{
  message: 'Image resized and saved to I:\\Job\\Day 07\\Task\\uploads\\posts\\post-1751293150638.jpeg',
  level: 'info',
  timestamp: '2025-06-30 19:49:10'
}
{
  message: 'Post created successfully by user: 68629cbedadd2b3d0fd5673c',
  level: 'info',
  timestamp: '2025-06-30 19:49:10'
}
{
  message: 'Server is running on port 3000',
  level: 'info',
  timestamp: '2025-06-30 19:50:33'
}
{
  message: 'MongoDB Connected...',
  level: 'info',
  timestamp: '2025-06-30 19:50:33'
}
{
  message: 'Server is running on port 3000',
  level: 'info',
  timestamp: '2025-06-30 19:50:41'
}
{
  message: 'MongoDB Connected...',
  level: 'info',
  timestamp: '2025-06-30 19:50:41'
}
{
  message: 'Server is running on port 3000',
  level: 'info',
  timestamp: '2025-06-30 19:50:46'
}
{
  message: 'MongoDB Connected...',
  level: 'info',
  timestamp: '2025-06-30 19:50:46'
}
{
  message: 'Server is running on port 3000',
  level: 'info',
  timestamp: '2025-06-30 19:50:52'
}
{
  message: 'MongoDB Connected...',
  level: 'info',
  timestamp: '2025-06-30 19:50:52'
}
{
  message: 'Token verified successfully - User Id : 68629cbedadd2b3d0fd5673c',
  level: 'info',
  timestamp: '2025-06-30 19:51:05'
}
{
  message: 'Image resized and saved to I:\\Job\\Day 07\\Task\\uploads\\posts\\post-1751293265089.jpeg',
  level: 'info',
  timestamp: '2025-06-30 19:51:05'
}
{
  message: 'Post created successfully by user: 68629cbedadd2b3d0fd5673c',
  level: 'info',
  timestamp: '2025-06-30 19:51:05'
}
{
  message: 'Server is running on port 3000',
  level: 'info',
  timestamp: '2025-06-30 19:51:25'
}
{
  message: 'MongoDB Connected...',
  level: 'info',
  timestamp: '2025-06-30 19:51:25'
}
{
  message: 'Server is running on port 3000',
  level: 'info',
  timestamp: '2025-06-30 19:51:30'
}
{
  message: 'MongoDB Connected...',
  level: 'info',
  timestamp: '2025-06-30 19:51:30'
}
{
  message: 'Token verified successfully - User Id : [object Object]',
  level: 'info',
  timestamp: '2025-06-30 19:52:01'
}
{
  message: 'Fetched all posts successfully',
  level: 'info',
  timestamp: '2025-06-30 19:52:01'
}
{
  message: 'Token verified successfully - User Id : 68629cabdadd2b3d0fd56736',
  level: 'info',
  timestamp: '2025-06-30 19:52:21'
}
{
  message: 'Post liked successfully by user: 68629cabdadd2b3d0fd56736 on post: 6862920a8bfaeb13321cab54',
  level: 'info',
  timestamp: '2025-06-30 19:52:22'
}
{
  message: 'Token verified successfully - User Id : 68629cabdadd2b3d0fd56736',
  level: 'info',
  timestamp: '2025-06-30 19:52:33'
}
{
  message: 'Comment added successfully by user: 68629cabdadd2b3d0fd56736 on post: 6862920a8bfaeb13321cab54',
  level: 'info',
  timestamp: '2025-06-30 19:52:33'
}
{
  message: 'Server is running on port 3000',
  level: 'info',
  timestamp: '2025-06-30 19:54:05'
}
{
  message: 'MongoDB Connected...',
  level: 'info',
  timestamp: '2025-06-30 19:54:05'
}
{
  message: 'Server is running on port 3000',
  level: 'info',
  timestamp: '2025-06-30 19:54:37'
}
{
  message: 'MongoDB Connected...',
  level: 'info',
  timestamp: '2025-06-30 19:54:37'
}
