{
  message: 'User already exists, please use a different username',
  level: 'error',
  timestamp: '2025-07-05 11:03:43'
}
{
  message: 'Error in signup controller: E11000 duplicate key error collection: instagram.users index: mobileNo_1 dup key: { mobileNo: "1234567890" }',
  level: 'error',
  timestamp: '2025-07-05 11:04:12'
}
{
  message: 'Error in signup controller: E11000 duplicate key error collection: instagram.users index: email_1 dup key: { email: null }',
  level: 'error',
  timestamp: '2025-07-05 11:07:37'
}
{
  message: 'Signup Error: userService.signup is not a function',
  level: 'error',
  timestamp: '2025-07-05 12:42:04'
}
{
  message: 'Signup Error: logger.info is not a function',
  level: 'error',
  timestamp: '2025-07-05 12:43:19'
}
{
  message: 'OTP Verify Error: Invalid OTP',
  level: 'error',
  timestamp: '2025-07-05 13:27:02'
}
{
  message: 'Signup Error: E11000 duplicate key error collection: instagram.users index: facebookId_1 dup key: { facebookId: null }',
  level: 'error',
  timestamp: '2025-07-05 13:43:24'
}
{
  message: 'Facebook Login Error: OAuth2Strategy requires a clientID option',
  level: 'error',
  timestamp: '2025-07-05 15:47:26'
}
{
  message: 'Facebook Login Error: OAuth2Strategy requires a clientID option',
  level: 'error',
  timestamp: '2025-07-05 15:50:39'
}
{
  message: 'bcrypt is not defined',
  level: 'error',
  timestamp: '2025-07-05 19:26:52'
}
{
  message: 'jwt is not defined',
  level: 'error',
  timestamp: '2025-07-05 19:27:29'
}
{
  message: 'User validation failed: fullName: Path `fullName` is required.',
  level: 'error',
  timestamp: '2025-07-05 19:47:56'
}
{
  message: "Cannot read properties of undefined (reading 'email')",
  level: 'error',
  timestamp: '2025-07-07 10:23:18'
}
{
  message: 'Signup already completed.',
  level: 'error',
  timestamp: '2025-07-07 11:24:38'
}
{
  message: 'User not found.',
  level: 'error',
  timestamp: '2025-07-07 11:25:11'
}
{
  message: 'Signup already completed.',
  level: 'error',
  timestamp: '2025-07-07 11:56:46'
}
{
  message: 'Signup Error: Profile.create is not a function',
  level: 'error',
  timestamp: '2025-07-08 13:24:10'
}
{
  message: 'Signup Error: User already exists, use a different username',
  level: 'error',
  timestamp: '2025-07-08 13:31:29'
}
{
  message: 'Signup Error: Profile validation failed: accountType: `public` is not a valid enum value for path `accountType`., gender: `` is not a valid enum value for path `gender`.',
  level: 'error',
  timestamp: '2025-07-08 13:32:03'
}
{
  message: 'Signup Error: User already exists, use a different username',
  level: 'error',
  timestamp: '2025-07-08 13:34:21'
}
{
  level: 'error',
  message: 'Update Error: Invalid status code: undefined. Status code must be an integer.',
  stack: 'TypeError: Invalid status code: undefined. Status code must be an integer.\n' +
    '    at ServerResponse.status (I:\\Job\\Day 11\\Instagram Project\\node_modules\\express\\lib\\response.js:65:11)\n' +
    '    at editProfile (I:\\Job\\Day 11\\Instagram Project\\controller\\profile.controller.js:23:15)\n' +
    '    at process.processTicksAndRejections (node:internal/process/task_queues:105:5)',
  timestamp: '2025-07-08 16:08:29'
}
{
  level: 'error',
  message: 'Update Error: Invalid status code: undefined. Status code must be an integer.',
  stack: 'TypeError: Invalid status code: undefined. Status code must be an integer.\n' +
    '    at ServerResponse.status (I:\\Job\\Day 11\\Instagram Project\\node_modules\\express\\lib\\response.js:65:11)\n' +
    '    at editProfile (I:\\Job\\Day 11\\Instagram Project\\controller\\profile.controller.js:23:15)\n' +
    '    at process.processTicksAndRejections (node:internal/process/task_queues:105:5)',
  timestamp: '2025-07-08 16:09:06'
}
{
  message: 'OTP Verify Error: Invalid OTP',
  level: 'error',
  timestamp: '2025-07-08 16:16:40'
}
{
  message: 'Signup Error: Profile is not defined',
  level: 'error',
  timestamp: '2025-07-08 16:31:36'
}
{
  message: 'Signup Error: User already exists, use a different username',
  level: 'error',
  timestamp: '2025-07-08 16:31:57'
}
{
  level: 'error',
  message: 'Update Service Error:',
  timestamp: '2025-07-08 16:38:55'
}
{
  level: 'error',
  message: 'Update Service Error:',
  timestamp: '2025-07-08 16:39:50'
}
{
  level: 'error',
  message: 'Update Service Error:',
  timestamp: '2025-07-08 16:45:50'
}
{
  message: 'Get Profile Error: Invalid status code: undefined. Status code must be an integer.',
  level: 'error',
  timestamp: '2025-07-08 17:00:27'
}
{
  level: 'error',
  message: 'Update Service Error:',
  timestamp: '2025-07-08 17:01:26'
}
{
  message: 'Signup Error: User already exists, use a different username',
  level: 'error',
  timestamp: '2025-07-08 18:07:44'
}
{
  level: 'error',
  message: 'Follow User Error:',
  timestamp: '2025-07-08 18:28:20'
}
{
  level: 'error',
  message: 'Follow User Error:',
  timestamp: '2025-07-08 18:29:50'
}
{
  level: 'error',
  message: 'Follow User Error:',
  timestamp: '2025-07-08 18:30:27'
}
{
  level: 'error',
  message: 'Follow User Error:',
  timestamp: '2025-07-08 18:31:06'
}
{
  level: 'error',
  message: 'Follow User Error:',
  timestamp: '2025-07-08 18:31:38'
}
{
  level: 'error',
  message: 'Follow User Error:',
  timestamp: '2025-07-08 18:32:08'
}
{
  level: 'error',
  message: 'Follow User Error:',
  timestamp: '2025-07-08 18:32:51'
}
{
  level: 'error',
  message: 'Follow User Error:',
  timestamp: '2025-07-08 18:34:04'
}
{
  level: 'error',
  message: 'Follow User Error:',
  timestamp: '2025-07-08 18:34:32'
}
{
  message: 'Profile.save is not a function',
  level: 'error',
  timestamp: '2025-07-08 19:09:26'
}
{
  message: 'Profile.save is not a function',
  level: 'error',
  timestamp: '2025-07-08 19:10:19'
}
{
  level: 'error',
  message: 'Follow User Error:',
  timestamp: '2025-07-08 19:23:49'
}
{
  level: 'error',
  message: 'Create Post Error:',
  timestamp: '2025-07-09 14:01:00'
}
{
  level: 'error',
  message: 'Create Post Error:',
  timestamp: '2025-07-09 14:01:46'
}
{
  level: 'error',
  message: 'Get Post Error:',
  timestamp: '2025-07-09 17:03:22'
}
{
  level: 'error',
  message: 'Get Post Error:',
  timestamp: '2025-07-09 17:05:44'
}
{
  level: 'error',
  message: 'Get Post Error:',
  timestamp: '2025-07-09 17:06:56'
}
{
  level: 'error',
  message: 'Get Post Error:',
  timestamp: '2025-07-09 17:08:39'
}
{
  level: 'error',
  message: 'Get Post Error:',
  timestamp: '2025-07-09 17:09:39'
}
{
  level: 'error',
  message: 'Get Post Error:',
  timestamp: '2025-07-09 17:10:01'
}
{
  level: 'error',
  message: 'Get Post Error:',
  timestamp: '2025-07-09 17:12:01'
}
{
  level: 'error',
  message: 'Get Posts By Profile Error:',
  timestamp: '2025-07-09 18:12:58'
}
{
  level: 'error',
  message: 'Add Comment Error:',
  timestamp: '2025-07-10 13:28:05'
}
{
  level: 'error',
  message: 'Add Comment Error:',
  timestamp: '2025-07-10 13:31:21'
}
{
  level: 'error',
  message: 'Add Comment Error:',
  timestamp: '2025-07-10 13:44:27'
}
{
  level: 'error',
  message: 'Add Comment Error:',
  timestamp: '2025-07-10 13:54:49'
}
{
  level: 'error',
  message: 'Like Post Error:',
  timestamp: '2025-07-10 14:31:28'
}
{
  message: 'Signup Error: User already exists, use a different username',
  level: 'error',
  timestamp: '2025-07-11 12:24:06'
}
{
  message: 'OTP Verify Error: Invalid OTP',
  level: 'error',
  timestamp: '2025-07-11 12:25:57'
}
{
  message: 'OTP Verify Error: Invalid OTP',
  level: 'error',
  timestamp: '2025-07-11 12:27:04'
}
{
  message: 'OTP Verify Error: Invalid status code: undefined. Status code must be an integer.',
  level: 'error',
  timestamp: '2025-07-11 12:27:57'
}
{
  message: 'OTP Verify Error: Invalid OTP',
  level: 'error',
  timestamp: '2025-07-11 12:28:30'
}
{
  message: 'OTP Verify Error: Invalid status code: undefined. Status code must be an integer.',
  level: 'error',
  timestamp: '2025-07-11 12:33:08'
}
{
  message: 'OTP Verify Error: Invalid OTP',
  level: 'error',
  timestamp: '2025-07-11 12:34:53'
}
{
  level: 'error',
  message: 'Feed Error:',
  timestamp: '2025-07-11 13:08:03'
}
{
  level: 'error',
  message: 'Feed Error:',
  timestamp: '2025-07-11 13:12:13'
}
{
  level: 'error',
  message: 'Feed Error:',
  timestamp: '2025-07-11 13:12:46'
}
{
  level: 'error',
  message: 'Feed Error:',
  timestamp: '2025-07-11 13:16:01'
}
{
  level: 'error',
  message: 'Feed Error:',
  timestamp: '2025-07-11 13:21:20'
}
{
  level: 'error',
  message: 'Feed Error:',
  timestamp: '2025-07-11 13:26:23'
}
{
  level: 'error',
  message: 'Feed Error:',
  timestamp: '2025-07-11 13:28:25'
}
{
  level: 'error',
  message: 'Feed Error:',
  timestamp: '2025-07-11 13:28:38'
}
{
  level: 'error',
  message: 'Feed Error:',
  timestamp: '2025-07-11 13:28:39'
}
{
  level: 'error',
  message: 'Feed Error:',
  timestamp: '2025-07-11 13:31:41'
}
{
  level: 'error',
  message: 'Feed Error:',
  timestamp: '2025-07-11 13:37:31'
}
{
  level: 'error',
  message: 'Feed Error:',
  timestamp: '2025-07-11 14:29:28'
}
{
  message: 'Signup Error: User already exists, use a different username',
  level: 'error',
  timestamp: '2025-07-14 16:07:21'
}
{
  message: 'Signup Error: Invalid status code: undefined. Status code must be an integer.',
  level: 'error',
  timestamp: '2025-07-14 16:12:36'
}
{
  message: 'Post not found: 686e4ad48b868ac6ca40402e',
  level: 'error',
  timestamp: '2025-07-14 16:37:30'
}
{
  message: 'Signup already completed.',
  level: 'error',
  timestamp: '2025-07-14 19:45:18'
}
{
  message: 'You cannot follow yourself',
  level: 'error',
  timestamp: '2025-07-16 10:47:25'
}
{
  level: 'error',
  message: 'Show Followers Error:',
  timestamp: '2025-07-16 10:52:29'
}
{
  level: 'error',
  message: 'Show Followers Error:',
  timestamp: '2025-07-16 10:55:13'
}
{
  message: 'Resend OTP Error: generateOTP is not a function',
  level: 'error',
  timestamp: '2025-07-16 11:16:23'
}
{
  message: 'Get Profile Error: services.getMyProfile is not a function',
  level: 'error',
  timestamp: '2025-07-16 12:12:30'
}
{
  message: 'You are not the receiver of this message',
  level: 'error',
  timestamp: '2025-07-16 18:38:25'
}
{
  message: 'No such follow request',
  level: 'error',
  timestamp: '2025-07-17 11:01:50'
}
{
  message: 'Access denied: sivakumar_rc_',
  level: 'error',
  timestamp: '2025-07-17 11:23:29'
}
{
  message: 'Access denied: sivakumar_rc_',
  level: 'error',
  timestamp: '2025-07-17 11:26:08'
}
{
  message: 'Access denied: sivakumar_rc_',
  level: 'error',
  timestamp: '2025-07-17 11:27:09'
}
{
  message: 'Access denied: sivakumar_rc_',
  level: 'error',
  timestamp: '2025-07-17 11:28:51'
}
{
  message: 'Access denied: sivakumar_rc_',
  level: 'error',
  timestamp: '2025-07-17 11:30:10'
}
{
  message: 'Access denied: sivakumar_rc_',
  level: 'error',
  timestamp: '2025-07-17 11:30:39'
}
{
  message: 'Access denied: sivakumar_rc_',
  level: 'error',
  timestamp: '2025-07-17 11:31:01'
}
{
  message: 'Access denied: sivakumar_rc_',
  level: 'error',
  timestamp: '2025-07-17 11:32:09'
}
{
  message: 'Access denied: sivakumar_rc_',
  level: 'error',
  timestamp: '2025-07-17 11:32:37'
}
{
  message: 'Access Denied for this post deletion',
  level: 'error',
  timestamp: '2025-07-17 11:36:56'
}
{
  message: 'This account is private',
  level: 'error',
  timestamp: '2025-07-17 11:40:46'
}
{
  level: 'error',
  message: 'Like Post Error:',
  timestamp: '2025-07-17 11:51:20'
}
{
  level: 'error',
  message: 'Like Post Error:',
  timestamp: '2025-07-17 11:52:13'
}
{
  message: 'This account is private',
  level: 'error',
  timestamp: '2025-07-17 11:53:02'
}
{
  message: 'This account is private',
  level: 'error',
  timestamp: '2025-07-17 11:54:15'
}
{
  message: 'Comment not found: 687898256cc6fd7a7d6b3cbe',
  level: 'error',
  timestamp: '2025-07-17 12:00:58'
}
{
  level: 'error',
  message: 'Create TempPost Error:',
  timestamp: '2025-07-18 12:33:09'
}
{
  level: 'error',
  message: 'Create TempPost Error:',
  timestamp: '2025-07-18 12:34:44'
}
{
  message: 'Create Order Error: Request failed with status code 400',
  level: 'error',
  timestamp: '2025-07-18 13:02:08'
}
{
  message: 'Create Order Error: Request failed with status code 400',
  level: 'error',
  timestamp: '2025-07-18 13:28:55'
}
{
  message: 'Create Order Error: Request failed with status code 400',
  level: 'error',
  timestamp: '2025-07-18 13:31:33'
}
{
  message: 'Create Order Error: Request failed with status code 400',
  level: 'error',
  timestamp: '2025-07-18 13:35:19'
}
{
  message: 'Create Order Error: Request failed with status code 400',
  level: 'error',
  timestamp: '2025-07-18 13:39:00'
}
{
  message: 'Create Order Error: Request failed with status code 400',
  level: 'error',
  timestamp: '2025-07-18 13:42:28'
}
{
  message: 'Create Order Error: Request failed with status code 400',
  level: 'error',
  timestamp: '2025-07-18 13:49:45'
}
{
  message: 'Create Order Error: Request failed with status code 400',
  level: 'error',
  timestamp: '2025-07-18 13:50:47'
}
{
  message: 'Create Order Error: Request failed with status code 400',
  level: 'error',
  timestamp: '2025-07-18 13:51:50'
}
{
  message: 'Create Order Error: Request failed with status code 400',
  level: 'error',
  timestamp: '2025-07-18 13:53:13'
}
{
  message: 'Create Order Error: Request failed with status code 400',
  level: 'error',
  timestamp: '2025-07-18 13:54:26'
}
{
  level: 'error',
  message: 'Create Order Error:',
  timestamp: '2025-07-18 13:56:01'
}
{
  message: 'Create Order Error:{\n' +
    '  "name": "INVALID_REQUEST",\n' +
    '  "message": "Request is not well-formed, syntactically incorrect, or violates schema.",\n' +
    '  "debug_id": "f5135394ce302",\n' +
    '  "details": [\n' +
    '    {\n' +
    '      "field": "/application_context/return_url",\n' +
    '      "value": "undefined/payment-success?tempPost=undefined",\n' +
    '      "location": "body",\n' +
    '      "issue": "INVALID_PARAMETER_SYNTAX",\n' +
    '      "description": "The value of a field does not conform to the expected format."\n' +
    '    },\n' +
    '    {\n' +
    '      "field": "/application_context/cancel_url",\n' +
    '      "value": "undefined/payment/cancel/undefined",\n' +
    '      "location": "body",\n' +
    '      "issue": "INVALID_PARAMETER_SYNTAX",\n' +
    '      "description": "The value of a field does not conform to the expected format."\n' +
    '    }\n' +
    '  ],\n' +
    '  "links": [\n' +
    '    {\n' +
    '      "href": "https://developer.paypal.com/docs/api/orders/v2/#error-INVALID_PARAMETER_SYNTAX",\n' +
    '      "rel": "information_link",\n' +
    '      "encType": "application/json"\n' +
    '    }\n' +
    '  ]\n' +
    '}',
  level: 'error',
  timestamp: '2025-07-18 13:56:20'
}
{
  message: `Create Order Error:"Cannot read properties of undefined (reading 'id')"`,
  level: 'error',
  timestamp: '2025-07-18 13:57:56'
}
{
  message: 'Create Order Error:"Order validation failed: tempPost: Path `tempPost` is required."',
  level: 'error',
  timestamp: '2025-07-18 14:05:13'
}
{
  message: 'Create Order Error:"Order validation failed: tempPost: Path `tempPost` is required."',
  level: 'error',
  timestamp: '2025-07-18 14:06:17'
}
{
  message: 'Capture Payment Error: Request failed with status code 422',
  level: 'error',
  timestamp: '2025-07-18 14:11:01'
}
{
  message: 'Create Order Error:"Order validation failed: tempPost: Path `tempPost` is required."',
  level: 'error',
  timestamp: '2025-07-18 14:12:42'
}
{
  message: 'Create Order Error:"tempPost is not defined"',
  level: 'error',
  timestamp: '2025-07-18 14:14:38'
}
{
  message: 'Capture Payment Error: Request failed with status code 422',
  level: 'error',
  timestamp: '2025-07-18 14:31:12'
}
{
  message: 'Capture Payment Error: Request failed with status code 422',
  level: 'error',
  timestamp: '2025-07-18 15:35:48'
}
{
  message: 'Capture Payment Error:{\n' +
    '  "name": "UNPROCESSABLE_ENTITY",\n' +
    '  "details": [\n' +
    '    {\n' +
    '      "issue": "ORDER_ALREADY_CAPTURED",\n' +
    `      "description": "Order already captured.If 'intent=CAPTURE' only one capture per order is allowed."\n` +
    '    }\n' +
    '  ],\n' +
    '  "message": "The requested action could not be performed, semantically incorrect, or failed business validation.",\n' +
    '  "debug_id": "f82540935c80c",\n' +
    '  "links": [\n' +
    '    {\n' +
    '      "href": "https://developer.paypal.com/api/rest/reference/orders/v2/errors/#ORDER_ALREADY_CAPTURED",\n' +
    '      "rel": "information_link",\n' +
    '      "method": "GET"\n' +
    '    }\n' +
    '  ]\n' +
    '}',
  level: 'error',
  timestamp: '2025-07-18 15:36:59'
}
{
  message: 'Create Order Error:"tempPostId is not defined"',
  level: 'error',
  timestamp: '2025-07-18 15:44:55'
}
{
  message: 'Create Order Error:"tempPost is not defined"',
  level: 'error',
  timestamp: '2025-07-18 15:46:30'
}
{
  message: 'Create Order Error:"tempPost is not defined"',
  level: 'error',
  timestamp: '2025-07-18 15:46:59'
}
{
  message: 'Create Order Error:"tempPost is not defined"',
  level: 'error',
  timestamp: '2025-07-18 15:47:27'
}
{
  message: 'No media uploaded',
  level: 'error',
  timestamp: '2025-07-18 16:39:54'
}
{ level: 'error', timestamp: '2025-07-18 19:24:34' }
{ level: 'error', timestamp: '2025-07-18 19:26:57' }
{ level: 'error', timestamp: '2025-07-18 19:29:13' }
{ level: 'error', timestamp: '2025-07-18 19:30:00' }
{
  message: 'Create Order Error:{\n' +
    '  "name": "INVALID_REQUEST",\n' +
    '  "message": "Request is not well-formed, syntactically incorrect, or violates schema.",\n' +
    '  "debug_id": "f4856202d3125",\n' +
    '  "details": [\n' +
    '    {\n' +
    `      "field": "/purchase_units/@reference_id=='default'/reference_id",\n` +
    '      "value": "",\n' +
    '      "location": "body",\n' +
    '      "issue": "INVALID_STRING_LENGTH",\n' +
    '      "description": "The value of a field is either too short or too long."\n' +
    '    }\n' +
    '  ],\n' +
    '  "links": [\n' +
    '    {\n' +
    '      "href": "https://developer.paypal.com/docs/api/orders/v2/#error-INVALID_STRING_LENGTH",\n' +
    '      "rel": "information_link",\n' +
    '      "encType": "application/json"\n' +
    '    }\n' +
    '  ]\n' +
    '}',
  level: 'error',
  timestamp: '2025-07-18 19:38:45'
}
{
  message: 'Create Order Error:{\n' +
    '  "name": "INVALID_REQUEST",\n' +
    '  "message": "Request is not well-formed, syntactically incorrect, or violates schema.",\n' +
    '  "debug_id": "f725264214218",\n' +
    '  "details": [\n' +
    '    {\n' +
    `      "field": "/purchase_units/@reference_id=='default'/reference_id",\n` +
    '      "value": "",\n' +
    '      "location": "body",\n' +
    '      "issue": "INVALID_STRING_LENGTH",\n' +
    '      "description": "The value of a field is either too short or too long."\n' +
    '    }\n' +
    '  ],\n' +
    '  "links": [\n' +
    '    {\n' +
    '      "href": "https://developer.paypal.com/docs/api/orders/v2/#error-INVALID_STRING_LENGTH",\n' +
    '      "rel": "information_link",\n' +
    '      "encType": "application/json"\n' +
    '    }\n' +
    '  ]\n' +
    '}',
  level: 'error',
  timestamp: '2025-07-18 19:39:37'
}
{
  message: 'Create Order Error:"Cast to ObjectId failed for value \\"\\" (type string) at path \\"_id\\" for model \\"TempPost\\""',
  level: 'error',
  timestamp: '2025-07-18 19:43:53'
}
{
  level: 'error',
  message: "Service Error: Cannot read properties of undefined (reading 'status')",
  stack: "TypeError: Cannot read properties of undefined (reading 'status')\n" +
    '    at createTempPost (I:\\Job\\Day 11\\Instagram Project\\controller\\post.controller.js:10:23)',
  timestamp: '2025-07-18 19:56:02'
}
{
  message: 'Signup Error: Profile validation failed: planName: Cast to ObjectId failed for value "Free" (type string) at path "planName" because of "BSONError"',
  level: 'error',
  timestamp: '2025-07-18 20:10:59'
}
{
  message: 'Signup Error: Profile validation failed: planName: Cast to ObjectId failed for value "Free" (type string) at path "planName" because of "BSONError"',
  level: 'error',
  timestamp: '2025-07-18 20:12:36'
}
{
  message: 'Signup Error: Profile validation failed: planName: Cast to ObjectId failed for value "Free" (type string) at path "planName" because of "BSONError"',
  level: 'error',
  timestamp: '2025-07-18 20:13:40'
}
{
  level: 'error',
  message: "Service Error: Cannot read properties of undefined (reading 'status')",
  stack: "TypeError: Cannot read properties of undefined (reading 'status')\n" +
    '    at createTempPost (I:\\Job\\Day 11\\Instagram Project\\controller\\post.controller.js:10:23)',
  timestamp: '2025-07-18 20:15:44'
}
{
  message: 'No such follow request',
  level: 'error',
  timestamp: '2025-07-19 18:41:22'
}
{
  message: 'Signup Error: Profile validation failed: planName: Cast to ObjectId failed for value "Free" (type string) at path "planName" because of "BSONError"',
  level: 'error',
  timestamp: '2025-07-21 10:18:46'
}
{
  message: 'Access denied: sivakumar_rc_',
  level: 'error',
  timestamp: '2025-07-21 10:28:21'
}
{
  message: 'Access denied: sivakumar_rc_',
  level: 'error',
  timestamp: '2025-07-21 10:28:45'
}
{
  message: 'Access Denied for this post deletion',
  level: 'error',
  timestamp: '2025-07-21 10:32:21'
}
